#-----------------------------------------------------------
# Vivado v2020.1 (64-bit)
# SW Build 2902540 on Wed May 27 19:54:49 MDT 2020
# IP Build 2902112 on Wed May 27 22:43:36 MDT 2020
# Start of session at: Wed Dec 22 14:26:31 2021
# Process ID: 1832
# Current directory: C:/Users/Tanjf/Desktop/lab10
# Command line: vivado.exe -gui_launcher_event rodinguilauncherevent16488 C:\Users\Tanjf\Desktop\lab10\lab10.xpr
# Log file: C:/Users/Tanjf/Desktop/lab10/vivado.log
# Journal file: C:/Users/Tanjf/Desktop/lab10\vivado.jou
#-----------------------------------------------------------
start_gui
open_project C:/Users/Tanjf/Desktop/lab10/lab10.xpr
Scanning sources...
Finished scanning sources
INFO: [IP_Flow 19-234] Refreshing IP repositories
INFO: [IP_Flow 19-1704] No user IP repositories specified
INFO: [IP_Flow 19-2313] Loaded Vivado IP repository 'D:/Vivado/Vivado/2020.1/data/ip'.
WARNING: [IP_Flow 19-2162] IP 'fifo_32x8bit_0' is locked:
* IP definition 'FIFO Generator (13.1)' for IP 'fifo_32x8bit_0' (customized with software release 2016.2) has a newer minor version in the IP Catalog. * IP definition 'FIFO Generator (13.1)' for IP 'fifo_32x8bit_0' (customized with software release 2016.2) has a different revision in the IP Catalog.
open_project: Time (s): cpu = 00:00:13 ; elapsed = 00:00:06 . Memory (MB): peak = 1013.723 ; gain = 0.000
update_compile_order -fileset sources_1
reset_run synth_1
update_compile_order -fileset sources_1
launch_runs impl_1 -to_step write_bitstream -jobs 4
INFO: [Vivado 12-4149] The synthesis checkpoint for IP 'C:/Users/Tanjf/Desktop/lab10/lab10.srcs/sources_1/ip/fifo_32x8bit_0/fifo_32x8bit_0.xci' is already up-to-date
[Wed Dec 22 14:27:38 2021] Launched synth_1...
Run output will be captured here: C:/Users/Tanjf/Desktop/lab10/lab10.runs/synth_1/runme.log
[Wed Dec 22 14:27:39 2021] Launched impl_1...
Run output will be captured here: C:/Users/Tanjf/Desktop/lab10/lab10.runs/impl_1/runme.log
reset_run synth_1
launch_runs impl_1 -to_step write_bitstream -jobs 4
INFO: [Vivado 12-4149] The synthesis checkpoint for IP 'C:/Users/Tanjf/Desktop/lab10/lab10.srcs/sources_1/ip/fifo_32x8bit_0/fifo_32x8bit_0.xci' is already up-to-date
[Wed Dec 22 14:28:26 2021] Launched synth_1...
Run output will be captured here: C:/Users/Tanjf/Desktop/lab10/lab10.runs/synth_1/runme.log
[Wed Dec 22 14:28:26 2021] Launched impl_1...
Run output will be captured here: C:/Users/Tanjf/Desktop/lab10/lab10.runs/impl_1/runme.log
WARNING: [filemgmt 56-199] Attempt to get parsing info during refresh. "On-the-fly" syntax checking information may be incorrect. [C:\Users\Tanjf\Desktop\lab10\lab10.srcs\sources_1\new\rx.v:]
WARNING: [filemgmt 56-199] Attempt to get parsing info during refresh. "On-the-fly" syntax checking information may be incorrect. [C:\Users\Tanjf\Desktop\lab10\lab10.srcs\sources_1\new\test.v:]
ERROR: [Common 17-180] Spawn failed: No error
update_compile_order -fileset sources_1
reset_run synth_1
launch_runs impl_1 -to_step write_bitstream -jobs 4
INFO: [Vivado 12-4149] The synthesis checkpoint for IP 'C:/Users/Tanjf/Desktop/lab10/lab10.srcs/sources_1/ip/fifo_32x8bit_0/fifo_32x8bit_0.xci' is already up-to-date
[Wed Dec 22 14:29:43 2021] Launched synth_1...
Run output will be captured here: C:/Users/Tanjf/Desktop/lab10/lab10.runs/synth_1/runme.log
[Wed Dec 22 14:29:43 2021] Launched impl_1...
Run output will be captured here: C:/Users/Tanjf/Desktop/lab10/lab10.runs/impl_1/runme.log
reset_run synth_1
launch_runs impl_1 -to_step write_bitstream -jobs 4
INFO: [Vivado 12-4149] The synthesis checkpoint for IP 'C:/Users/Tanjf/Desktop/lab10/lab10.srcs/sources_1/ip/fifo_32x8bit_0/fifo_32x8bit_0.xci' is already up-to-date
[Wed Dec 22 14:31:12 2021] Launched synth_1...
Run output will be captured here: C:/Users/Tanjf/Desktop/lab10/lab10.runs/synth_1/runme.log
[Wed Dec 22 14:31:12 2021] Launched impl_1...
Run output will be captured here: C:/Users/Tanjf/Desktop/lab10/lab10.runs/impl_1/runme.log
reset_run synth_1
launch_runs impl_1 -to_step write_bitstream -jobs 4
INFO: [Vivado 12-4149] The synthesis checkpoint for IP 'C:/Users/Tanjf/Desktop/lab10/lab10.srcs/sources_1/ip/fifo_32x8bit_0/fifo_32x8bit_0.xci' is already up-to-date
[Wed Dec 22 14:46:56 2021] Launched synth_1...
Run output will be captured here: C:/Users/Tanjf/Desktop/lab10/lab10.runs/synth_1/runme.log
[Wed Dec 22 14:46:56 2021] Launched impl_1...
Run output will be captured here: C:/Users/Tanjf/Desktop/lab10/lab10.runs/impl_1/runme.log
update_compile_order -fileset sources_1
update_compile_order -fileset sources_1
reset_run synth_1
launch_runs impl_1 -to_step write_bitstream -jobs 4
INFO: [Vivado 12-4149] The synthesis checkpoint for IP 'C:/Users/Tanjf/Desktop/lab10/lab10.srcs/sources_1/ip/fifo_32x8bit_0/fifo_32x8bit_0.xci' is already up-to-date
[Wed Dec 22 14:51:53 2021] Launched synth_1...
Run output will be captured here: C:/Users/Tanjf/Desktop/lab10/lab10.runs/synth_1/runme.log
[Wed Dec 22 14:51:54 2021] Launched impl_1...
Run output will be captured here: C:/Users/Tanjf/Desktop/lab10/lab10.runs/impl_1/runme.log
update_compile_order -fileset sources_1
update_compile_order -fileset sources_1
open_hw_manager
close_hw_manager
reset_run synth_1
launch_runs impl_1 -to_step write_bitstream -jobs 4
INFO: [Vivado 12-4149] The synthesis checkpoint for IP 'C:/Users/Tanjf/Desktop/lab10/lab10.srcs/sources_1/ip/fifo_32x8bit_0/fifo_32x8bit_0.xci' is already up-to-date
[Wed Dec 22 15:06:53 2021] Launched synth_1...
Run output will be captured here: C:/Users/Tanjf/Desktop/lab10/lab10.runs/synth_1/runme.log
[Wed Dec 22 15:06:53 2021] Launched impl_1...
Run output will be captured here: C:/Users/Tanjf/Desktop/lab10/lab10.runs/impl_1/runme.log
reset_run synth_1
launch_runs impl_1 -to_step write_bitstream -jobs 4
INFO: [Vivado 12-4149] The synthesis checkpoint for IP 'C:/Users/Tanjf/Desktop/lab10/lab10.srcs/sources_1/ip/fifo_32x8bit_0/fifo_32x8bit_0.xci' is already up-to-date
[Wed Dec 22 15:28:16 2021] Launched synth_1...
Run output will be captured here: C:/Users/Tanjf/Desktop/lab10/lab10.runs/synth_1/runme.log
[Wed Dec 22 15:28:16 2021] Launched impl_1...
Run output will be captured here: C:/Users/Tanjf/Desktop/lab10/lab10.runs/impl_1/runme.log
reset_run synth_1
launch_runs impl_1 -to_step write_bitstream -jobs 4
INFO: [Vivado 12-4149] The synthesis checkpoint for IP 'C:/Users/Tanjf/Desktop/lab10/lab10.srcs/sources_1/ip/fifo_32x8bit_0/fifo_32x8bit_0.xci' is already up-to-date
[Wed Dec 22 16:27:57 2021] Launched synth_1...
Run output will be captured here: C:/Users/Tanjf/Desktop/lab10/lab10.runs/synth_1/runme.log
[Wed Dec 22 16:27:57 2021] Launched impl_1...
Run output will be captured here: C:/Users/Tanjf/Desktop/lab10/lab10.runs/impl_1/runme.log
reset_run synth_1
launch_runs impl_1 -to_step write_bitstream -jobs 4
INFO: [Vivado 12-4149] The synthesis checkpoint for IP 'C:/Users/Tanjf/Desktop/lab10/lab10.srcs/sources_1/ip/fifo_32x8bit_0/fifo_32x8bit_0.xci' is already up-to-date
[Wed Dec 22 16:34:39 2021] Launched synth_1...
Run output will be captured here: C:/Users/Tanjf/Desktop/lab10/lab10.runs/synth_1/runme.log
[Wed Dec 22 16:34:39 2021] Launched impl_1...
Run output will be captured here: C:/Users/Tanjf/Desktop/lab10/lab10.runs/impl_1/runme.log
reset_run synth_1
launch_runs impl_1 -to_step write_bitstream -jobs 4
INFO: [Vivado 12-4149] The synthesis checkpoint for IP 'C:/Users/Tanjf/Desktop/lab10/lab10.srcs/sources_1/ip/fifo_32x8bit_0/fifo_32x8bit_0.xci' is already up-to-date
[Wed Dec 22 17:00:07 2021] Launched synth_1...
Run output will be captured here: C:/Users/Tanjf/Desktop/lab10/lab10.runs/synth_1/runme.log
[Wed Dec 22 17:00:07 2021] Launched impl_1...
Run output will be captured here: C:/Users/Tanjf/Desktop/lab10/lab10.runs/impl_1/runme.log
reset_run synth_1
WARNING: [Vivado 12-1017] Problems encountered:
1. Failed to delete one or more files in run directory C:/Users/Tanjf/Desktop/lab10/lab10.runs/synth_1

launch_runs impl_1 -to_step write_bitstream -jobs 4
INFO: [Vivado 12-4149] The synthesis checkpoint for IP 'C:/Users/Tanjf/Desktop/lab10/lab10.srcs/sources_1/ip/fifo_32x8bit_0/fifo_32x8bit_0.xci' is already up-to-date
[Wed Dec 22 17:00:43 2021] Launched synth_1...
Run output will be captured here: C:/Users/Tanjf/Desktop/lab10/lab10.runs/synth_1/runme.log
[Wed Dec 22 17:00:43 2021] Launched impl_1...
Run output will be captured here: C:/Users/Tanjf/Desktop/lab10/lab10.runs/impl_1/runme.log
update_compile_order -fileset sources_1
reset_run synth_1
launch_runs impl_1 -to_step write_bitstream -jobs 4
INFO: [Vivado 12-4149] The synthesis checkpoint for IP 'C:/Users/Tanjf/Desktop/lab10/lab10.srcs/sources_1/ip/fifo_32x8bit_0/fifo_32x8bit_0.xci' is already up-to-date
[Wed Dec 22 17:26:45 2021] Launched synth_1...
Run output will be captured here: C:/Users/Tanjf/Desktop/lab10/lab10.runs/synth_1/runme.log
[Wed Dec 22 17:26:45 2021] Launched impl_1...
Run output will be captured here: C:/Users/Tanjf/Desktop/lab10/lab10.runs/impl_1/runme.log
update_compile_order -fileset sources_1
reset_run synth_1
launch_runs impl_1 -to_step write_bitstream -jobs 4
INFO: [Vivado 12-4149] The synthesis checkpoint for IP 'C:/Users/Tanjf/Desktop/lab10/lab10.srcs/sources_1/ip/fifo_32x8bit_0/fifo_32x8bit_0.xci' is already up-to-date
[Wed Dec 22 17:29:55 2021] Launched synth_1...
Run output will be captured here: C:/Users/Tanjf/Desktop/lab10/lab10.runs/synth_1/runme.log
[Wed Dec 22 17:29:55 2021] Launched impl_1...
Run output will be captured here: C:/Users/Tanjf/Desktop/lab10/lab10.runs/impl_1/runme.log
reset_run synth_1
launch_runs impl_1 -to_step write_bitstream -jobs 4
INFO: [Vivado 12-4149] The synthesis checkpoint for IP 'C:/Users/Tanjf/Desktop/lab10/lab10.srcs/sources_1/ip/fifo_32x8bit_0/fifo_32x8bit_0.xci' is already up-to-date
[Wed Dec 22 17:33:40 2021] Launched synth_1...
Run output will be captured here: C:/Users/Tanjf/Desktop/lab10/lab10.runs/synth_1/runme.log
[Wed Dec 22 17:33:40 2021] Launched impl_1...
Run output will be captured here: C:/Users/Tanjf/Desktop/lab10/lab10.runs/impl_1/runme.log
reset_run impl_1 -prev_step 
launch_runs impl_1 -to_step write_bitstream -jobs 4
INFO: [Vivado 12-4149] The synthesis checkpoint for IP 'C:/Users/Tanjf/Desktop/lab10/lab10.srcs/sources_1/ip/fifo_32x8bit_0/fifo_32x8bit_0.xci' is already up-to-date
WARNING: [Vivado 12-872] Run step 'Design Initialization' is out-of-date.
[Wed Dec 22 18:58:52 2021] Launched impl_1...
Run output will be captured here: C:/Users/Tanjf/Desktop/lab10/lab10.runs/impl_1/runme.log
update_compile_order -fileset sources_1
update_compile_order -fileset sources_1
reset_run synth_1
launch_runs impl_1 -to_step write_bitstream -jobs 4
INFO: [Vivado 12-4149] The synthesis checkpoint for IP 'C:/Users/Tanjf/Desktop/lab10/lab10.srcs/sources_1/ip/fifo_32x8bit_0/fifo_32x8bit_0.xci' is already up-to-date
[Wed Dec 22 19:03:49 2021] Launched synth_1...
Run output will be captured here: C:/Users/Tanjf/Desktop/lab10/lab10.runs/synth_1/runme.log
[Wed Dec 22 19:03:49 2021] Launched impl_1...
Run output will be captured here: C:/Users/Tanjf/Desktop/lab10/lab10.runs/impl_1/runme.log
update_compile_order -fileset sources_1
update_compile_order -fileset sources_1
reset_run synth_1
update_compile_order -fileset sources_1
launch_runs impl_1 -to_step write_bitstream -jobs 4
INFO: [Vivado 12-4149] The synthesis checkpoint for IP 'C:/Users/Tanjf/Desktop/lab10/lab10.srcs/sources_1/ip/fifo_32x8bit_0/fifo_32x8bit_0.xci' is already up-to-date
[Wed Dec 22 19:13:24 2021] Launched synth_1...
Run output will be captured here: C:/Users/Tanjf/Desktop/lab10/lab10.runs/synth_1/runme.log
[Wed Dec 22 19:13:24 2021] Launched impl_1...
Run output will be captured here: C:/Users/Tanjf/Desktop/lab10/lab10.runs/impl_1/runme.log
reset_run synth_1
launch_runs impl_1 -to_step write_bitstream -jobs 4
INFO: [Vivado 12-4149] The synthesis checkpoint for IP 'C:/Users/Tanjf/Desktop/lab10/lab10.srcs/sources_1/ip/fifo_32x8bit_0/fifo_32x8bit_0.xci' is already up-to-date
[Wed Dec 22 19:18:04 2021] Launched synth_1...
Run output will be captured here: C:/Users/Tanjf/Desktop/lab10/lab10.runs/synth_1/runme.log
[Wed Dec 22 19:18:04 2021] Launched impl_1...
Run output will be captured here: C:/Users/Tanjf/Desktop/lab10/lab10.runs/impl_1/runme.log
reset_run synth_1
launch_runs impl_1 -to_step write_bitstream -jobs 4
INFO: [Vivado 12-4149] The synthesis checkpoint for IP 'C:/Users/Tanjf/Desktop/lab10/lab10.srcs/sources_1/ip/fifo_32x8bit_0/fifo_32x8bit_0.xci' is already up-to-date
[Wed Dec 22 19:25:26 2021] Launched synth_1...
Run output will be captured here: C:/Users/Tanjf/Desktop/lab10/lab10.runs/synth_1/runme.log
[Wed Dec 22 19:25:26 2021] Launched impl_1...
Run output will be captured here: C:/Users/Tanjf/Desktop/lab10/lab10.runs/impl_1/runme.log
reset_run synth_1
launch_runs impl_1 -to_step write_bitstream -jobs 4
INFO: [Vivado 12-4149] The synthesis checkpoint for IP 'C:/Users/Tanjf/Desktop/lab10/lab10.srcs/sources_1/ip/fifo_32x8bit_0/fifo_32x8bit_0.xci' is already up-to-date
[Wed Dec 22 19:31:39 2021] Launched synth_1...
Run output will be captured here: C:/Users/Tanjf/Desktop/lab10/lab10.runs/synth_1/runme.log
[Wed Dec 22 19:31:39 2021] Launched impl_1...
Run output will be captured here: C:/Users/Tanjf/Desktop/lab10/lab10.runs/impl_1/runme.log
update_compile_order -fileset sources_1
update_compile_order -fileset sources_1
reset_run synth_1
launch_runs impl_1 -to_step write_bitstream -jobs 4
INFO: [Vivado 12-4149] The synthesis checkpoint for IP 'C:/Users/Tanjf/Desktop/lab10/lab10.srcs/sources_1/ip/fifo_32x8bit_0/fifo_32x8bit_0.xci' is already up-to-date
[Wed Dec 22 19:56:08 2021] Launched synth_1...
Run output will be captured here: C:/Users/Tanjf/Desktop/lab10/lab10.runs/synth_1/runme.log
[Wed Dec 22 19:56:08 2021] Launched impl_1...
Run output will be captured here: C:/Users/Tanjf/Desktop/lab10/lab10.runs/impl_1/runme.log
reset_run synth_1
WARNING: [Vivado 12-1017] Problems encountered:
1. PID not specified

launch_runs impl_1 -to_step write_bitstream -jobs 4
INFO: [Vivado 12-4149] The synthesis checkpoint for IP 'C:/Users/Tanjf/Desktop/lab10/lab10.srcs/sources_1/ip/fifo_32x8bit_0/fifo_32x8bit_0.xci' is already up-to-date
[Wed Dec 22 19:56:43 2021] Launched synth_1...
Run output will be captured here: C:/Users/Tanjf/Desktop/lab10/lab10.runs/synth_1/runme.log
[Wed Dec 22 19:56:43 2021] Launched impl_1...
Run output will be captured here: C:/Users/Tanjf/Desktop/lab10/lab10.runs/impl_1/runme.log
reset_run synth_1
launch_runs impl_1 -to_step write_bitstream -jobs 4
INFO: [Vivado 12-4149] The synthesis checkpoint for IP 'C:/Users/Tanjf/Desktop/lab10/lab10.srcs/sources_1/ip/fifo_32x8bit_0/fifo_32x8bit_0.xci' is already up-to-date
[Wed Dec 22 20:02:32 2021] Launched synth_1...
Run output will be captured here: C:/Users/Tanjf/Desktop/lab10/lab10.runs/synth_1/runme.log
[Wed Dec 22 20:02:32 2021] Launched impl_1...
Run output will be captured here: C:/Users/Tanjf/Desktop/lab10/lab10.runs/impl_1/runme.log
reset_run synth_1
launch_runs impl_1 -to_step write_bitstream -jobs 4
INFO: [Vivado 12-4149] The synthesis checkpoint for IP 'C:/Users/Tanjf/Desktop/lab10/lab10.srcs/sources_1/ip/fifo_32x8bit_0/fifo_32x8bit_0.xci' is already up-to-date
[Wed Dec 22 20:08:04 2021] Launched synth_1...
Run output will be captured here: C:/Users/Tanjf/Desktop/lab10/lab10.runs/synth_1/runme.log
[Wed Dec 22 20:08:04 2021] Launched impl_1...
Run output will be captured here: C:/Users/Tanjf/Desktop/lab10/lab10.runs/impl_1/runme.log
reset_run synth_1
launch_runs impl_1 -to_step write_bitstream -jobs 4
INFO: [Vivado 12-4149] The synthesis checkpoint for IP 'C:/Users/Tanjf/Desktop/lab10/lab10.srcs/sources_1/ip/fifo_32x8bit_0/fifo_32x8bit_0.xci' is already up-to-date
[Wed Dec 22 20:11:31 2021] Launched synth_1...
Run output will be captured here: C:/Users/Tanjf/Desktop/lab10/lab10.runs/synth_1/runme.log
[Wed Dec 22 20:11:31 2021] Launched impl_1...
Run output will be captured here: C:/Users/Tanjf/Desktop/lab10/lab10.runs/impl_1/runme.log
reset_run synth_1
launch_runs impl_1 -to_step write_bitstream -jobs 4
INFO: [Vivado 12-4149] The synthesis checkpoint for IP 'C:/Users/Tanjf/Desktop/lab10/lab10.srcs/sources_1/ip/fifo_32x8bit_0/fifo_32x8bit_0.xci' is already up-to-date
[Wed Dec 22 20:17:44 2021] Launched synth_1...
Run output will be captured here: C:/Users/Tanjf/Desktop/lab10/lab10.runs/synth_1/runme.log
[Wed Dec 22 20:17:44 2021] Launched impl_1...
Run output will be captured here: C:/Users/Tanjf/Desktop/lab10/lab10.runs/impl_1/runme.log
reset_run impl_1
reset_run synth_1
launch_runs impl_1 -to_step write_bitstream -jobs 4
INFO: [Vivado 12-4149] The synthesis checkpoint for IP 'C:/Users/Tanjf/Desktop/lab10/lab10.srcs/sources_1/ip/fifo_32x8bit_0/fifo_32x8bit_0.xci' is already up-to-date
[Wed Dec 22 20:19:28 2021] Launched synth_1...
Run output will be captured here: C:/Users/Tanjf/Desktop/lab10/lab10.runs/synth_1/runme.log
[Wed Dec 22 20:19:28 2021] Launched impl_1...
Run output will be captured here: C:/Users/Tanjf/Desktop/lab10/lab10.runs/impl_1/runme.log
reset_run synth_1
launch_runs impl_1 -to_step write_bitstream -jobs 4
INFO: [Vivado 12-4149] The synthesis checkpoint for IP 'C:/Users/Tanjf/Desktop/lab10/lab10.srcs/sources_1/ip/fifo_32x8bit_0/fifo_32x8bit_0.xci' is already up-to-date
[Wed Dec 22 20:22:50 2021] Launched synth_1...
Run output will be captured here: C:/Users/Tanjf/Desktop/lab10/lab10.runs/synth_1/runme.log
[Wed Dec 22 20:22:50 2021] Launched impl_1...
Run output will be captured here: C:/Users/Tanjf/Desktop/lab10/lab10.runs/impl_1/runme.log
reset_run synth_1
launch_runs impl_1 -to_step write_bitstream -jobs 4
INFO: [Vivado 12-4149] The synthesis checkpoint for IP 'C:/Users/Tanjf/Desktop/lab10/lab10.srcs/sources_1/ip/fifo_32x8bit_0/fifo_32x8bit_0.xci' is already up-to-date
[Wed Dec 22 20:33:12 2021] Launched synth_1...
Run output will be captured here: C:/Users/Tanjf/Desktop/lab10/lab10.runs/synth_1/runme.log
[Wed Dec 22 20:33:12 2021] Launched impl_1...
Run output will be captured here: C:/Users/Tanjf/Desktop/lab10/lab10.runs/impl_1/runme.log
reset_run synth_1
launch_runs impl_1 -to_step write_bitstream -jobs 4
INFO: [Vivado 12-4149] The synthesis checkpoint for IP 'C:/Users/Tanjf/Desktop/lab10/lab10.srcs/sources_1/ip/fifo_32x8bit_0/fifo_32x8bit_0.xci' is already up-to-date
[Wed Dec 22 20:39:40 2021] Launched synth_1...
Run output will be captured here: C:/Users/Tanjf/Desktop/lab10/lab10.runs/synth_1/runme.log
[Wed Dec 22 20:39:40 2021] Launched impl_1...
Run output will be captured here: C:/Users/Tanjf/Desktop/lab10/lab10.runs/impl_1/runme.log
reset_run synth_1
launch_runs impl_1 -to_step write_bitstream -jobs 4
INFO: [Vivado 12-4149] The synthesis checkpoint for IP 'C:/Users/Tanjf/Desktop/lab10/lab10.srcs/sources_1/ip/fifo_32x8bit_0/fifo_32x8bit_0.xci' is already up-to-date
[Wed Dec 22 20:49:03 2021] Launched synth_1...
Run output will be captured here: C:/Users/Tanjf/Desktop/lab10/lab10.runs/synth_1/runme.log
[Wed Dec 22 20:49:03 2021] Launched impl_1...
Run output will be captured here: C:/Users/Tanjf/Desktop/lab10/lab10.runs/impl_1/runme.log
reset_run synth_1
launch_runs impl_1 -to_step write_bitstream -jobs 4
INFO: [Vivado 12-4149] The synthesis checkpoint for IP 'C:/Users/Tanjf/Desktop/lab10/lab10.srcs/sources_1/ip/fifo_32x8bit_0/fifo_32x8bit_0.xci' is already up-to-date
[Wed Dec 22 20:50:14 2021] Launched synth_1...
Run output will be captured here: C:/Users/Tanjf/Desktop/lab10/lab10.runs/synth_1/runme.log
[Wed Dec 22 20:50:14 2021] Launched impl_1...
Run output will be captured here: C:/Users/Tanjf/Desktop/lab10/lab10.runs/impl_1/runme.log
reset_run synth_1
WARNING: [Vivado 12-1017] Problems encountered:
1. Failed to delete one or more files in run directory C:/Users/Tanjf/Desktop/lab10/lab10.runs/synth_1

launch_runs impl_1 -to_step write_bitstream -jobs 4
INFO: [Vivado 12-4149] The synthesis checkpoint for IP 'C:/Users/Tanjf/Desktop/lab10/lab10.srcs/sources_1/ip/fifo_32x8bit_0/fifo_32x8bit_0.xci' is already up-to-date
[Wed Dec 22 20:52:42 2021] Launched synth_1...
Run output will be captured here: C:/Users/Tanjf/Desktop/lab10/lab10.runs/synth_1/runme.log
[Wed Dec 22 20:52:42 2021] Launched impl_1...
Run output will be captured here: C:/Users/Tanjf/Desktop/lab10/lab10.runs/impl_1/runme.log
exit
INFO: [Common 17-206] Exiting Vivado at Wed Dec 22 20:55:51 2021...
