#-----------------------------------------------------------
# Vivado v2020.1 (64-bit)
# SW Build 2902540 on Wed May 27 19:54:49 MDT 2020
# IP Build 2902112 on Wed May 27 22:43:36 MDT 2020
# Start of session at: Wed Dec 22 11:12:22 2021
# Process ID: 2152
# Current directory: C:/Users/Tanjf/Desktop/lab10
# Command line: vivado.exe -gui_launcher_event rodinguilauncherevent13840 C:\Users\Tanjf\Desktop\lab10\lab10.xpr
# Log file: C:/Users/Tanjf/Desktop/lab10/vivado.log
# Journal file: C:/Users/Tanjf/Desktop/lab10\vivado.jou
#-----------------------------------------------------------
start_gui
open_project C:/Users/Tanjf/Desktop/lab10/lab10.xpr
Scanning sources...
Finished scanning sources
INFO: [IP_Flow 19-234] Refreshing IP repositories
INFO: [IP_Flow 19-1704] No user IP repositories specified
INFO: [IP_Flow 19-2313] Loaded Vivado IP repository 'D:/Vivado/Vivado/2020.1/data/ip'.
WARNING: [IP_Flow 19-2162] IP 'fifo_32x8bit_0' is locked:
* IP definition 'FIFO Generator (13.1)' for IP 'fifo_32x8bit_0' (customized with software release 2016.2) has a newer minor version in the IP Catalog. * IP definition 'FIFO Generator (13.1)' for IP 'fifo_32x8bit_0' (customized with software release 2016.2) has a different revision in the IP Catalog.
open_project: Time (s): cpu = 00:00:15 ; elapsed = 00:00:06 . Memory (MB): peak = 1013.715 ; gain = 0.000
update_compile_order -fileset sources_1
reset_run synth_1
launch_runs impl_1 -to_step write_bitstream -jobs 4
INFO: [Vivado 12-4149] The synthesis checkpoint for IP 'C:/Users/Tanjf/Desktop/lab10/lab10.srcs/sources_1/ip/fifo_32x8bit_0/fifo_32x8bit_0.xci' is already up-to-date
[Wed Dec 22 11:13:06 2021] Launched synth_1...
Run output will be captured here: C:/Users/Tanjf/Desktop/lab10/lab10.runs/synth_1/runme.log
[Wed Dec 22 11:13:06 2021] Launched impl_1...
Run output will be captured here: C:/Users/Tanjf/Desktop/lab10/lab10.runs/impl_1/runme.log
reset_run synth_1
launch_runs impl_1 -to_step write_bitstream -jobs 4
INFO: [Vivado 12-4149] The synthesis checkpoint for IP 'C:/Users/Tanjf/Desktop/lab10/lab10.srcs/sources_1/ip/fifo_32x8bit_0/fifo_32x8bit_0.xci' is already up-to-date
[Wed Dec 22 11:41:42 2021] Launched synth_1...
Run output will be captured here: C:/Users/Tanjf/Desktop/lab10/lab10.runs/synth_1/runme.log
[Wed Dec 22 11:41:42 2021] Launched impl_1...
Run output will be captured here: C:/Users/Tanjf/Desktop/lab10/lab10.runs/impl_1/runme.log
exit
INFO: [Common 17-206] Exiting Vivado at Wed Dec 22 11:55:37 2021...
