#-----------------------------------------------------------
# Vivado v2020.1 (64-bit)
# SW Build 2902540 on Wed May 27 19:54:49 MDT 2020
# IP Build 2902112 on Wed May 27 22:43:36 MDT 2020
# Start of session at: Tue Dec 21 21:07:57 2021
# Process ID: 23064
# Current directory: C:/Users/Tanjf/Desktop/lab10
# Command line: vivado.exe -gui_launcher_event rodinguilauncherevent4308 C:\Users\Tanjf\Desktop\lab10\lab10.xpr
# Log file: C:/Users/Tanjf/Desktop/lab10/vivado.log
# Journal file: C:/Users/Tanjf/Desktop/lab10\vivado.jou
#-----------------------------------------------------------
start_gui
open_project C:/Users/Tanjf/Desktop/lab10/lab10.xpr
Scanning sources...
Finished scanning sources
INFO: [IP_Flow 19-234] Refreshing IP repositories
INFO: [IP_Flow 19-1704] No user IP repositories specified
INFO: [IP_Flow 19-2313] Loaded Vivado IP repository 'D:/Vivado/Vivado/2020.1/data/ip'.
WARNING: [IP_Flow 19-2162] IP 'fifo_32x8bit_0' is locked:
* IP definition 'FIFO Generator (13.1)' for IP 'fifo_32x8bit_0' (customized with software release 2016.2) has a newer minor version in the IP Catalog. * IP definition 'FIFO Generator (13.1)' for IP 'fifo_32x8bit_0' (customized with software release 2016.2) has a different revision in the IP Catalog.
update_compile_order -fileset sources_1
reset_run synth_1
launch_runs impl_1 -to_step write_bitstream -jobs 4
INFO: [Vivado 12-4149] The synthesis checkpoint for IP 'C:/Users/Tanjf/Desktop/lab10/lab10.srcs/sources_1/ip/fifo_32x8bit_0/fifo_32x8bit_0.xci' is already up-to-date
[Tue Dec 21 21:13:53 2021] Launched synth_1...
Run output will be captured here: C:/Users/Tanjf/Desktop/lab10/lab10.runs/synth_1/runme.log
[Tue Dec 21 21:13:53 2021] Launched impl_1...
Run output will be captured here: C:/Users/Tanjf/Desktop/lab10/lab10.runs/impl_1/runme.log
reset_run synth_1
launch_runs impl_1 -to_step write_bitstream -jobs 4
INFO: [Vivado 12-4149] The synthesis checkpoint for IP 'C:/Users/Tanjf/Desktop/lab10/lab10.srcs/sources_1/ip/fifo_32x8bit_0/fifo_32x8bit_0.xci' is already up-to-date
[Tue Dec 21 21:18:08 2021] Launched synth_1...
Run output will be captured here: C:/Users/Tanjf/Desktop/lab10/lab10.runs/synth_1/runme.log
[Tue Dec 21 21:18:08 2021] Launched impl_1...
Run output will be captured here: C:/Users/Tanjf/Desktop/lab10/lab10.runs/impl_1/runme.log
reset_run synth_1
launch_runs impl_1 -to_step write_bitstream -jobs 4
INFO: [Vivado 12-4149] The synthesis checkpoint for IP 'C:/Users/Tanjf/Desktop/lab10/lab10.srcs/sources_1/ip/fifo_32x8bit_0/fifo_32x8bit_0.xci' is already up-to-date
[Tue Dec 21 21:21:27 2021] Launched synth_1...
Run output will be captured here: C:/Users/Tanjf/Desktop/lab10/lab10.runs/synth_1/runme.log
[Tue Dec 21 21:21:27 2021] Launched impl_1...
Run output will be captured here: C:/Users/Tanjf/Desktop/lab10/lab10.runs/impl_1/runme.log
reset_run synth_1
launch_runs impl_1 -to_step write_bitstream -jobs 4
INFO: [Vivado 12-4149] The synthesis checkpoint for IP 'C:/Users/Tanjf/Desktop/lab10/lab10.srcs/sources_1/ip/fifo_32x8bit_0/fifo_32x8bit_0.xci' is already up-to-date
[Tue Dec 21 21:22:49 2021] Launched synth_1...
Run output will be captured here: C:/Users/Tanjf/Desktop/lab10/lab10.runs/synth_1/runme.log
[Tue Dec 21 21:22:49 2021] Launched impl_1...
Run output will be captured here: C:/Users/Tanjf/Desktop/lab10/lab10.runs/impl_1/runme.log
reset_run synth_1
launch_runs impl_1 -to_step write_bitstream -jobs 4
INFO: [Vivado 12-4149] The synthesis checkpoint for IP 'C:/Users/Tanjf/Desktop/lab10/lab10.srcs/sources_1/ip/fifo_32x8bit_0/fifo_32x8bit_0.xci' is already up-to-date
[Tue Dec 21 21:30:56 2021] Launched synth_1...
Run output will be captured here: C:/Users/Tanjf/Desktop/lab10/lab10.runs/synth_1/runme.log
[Tue Dec 21 21:30:56 2021] Launched impl_1...
Run output will be captured here: C:/Users/Tanjf/Desktop/lab10/lab10.runs/impl_1/runme.log
reset_run synth_1
launch_runs impl_1 -to_step write_bitstream -jobs 4
INFO: [Vivado 12-4149] The synthesis checkpoint for IP 'C:/Users/Tanjf/Desktop/lab10/lab10.srcs/sources_1/ip/fifo_32x8bit_0/fifo_32x8bit_0.xci' is already up-to-date
[Tue Dec 21 21:39:00 2021] Launched synth_1...
Run output will be captured here: C:/Users/Tanjf/Desktop/lab10/lab10.runs/synth_1/runme.log
[Tue Dec 21 21:39:00 2021] Launched impl_1...
Run output will be captured here: C:/Users/Tanjf/Desktop/lab10/lab10.runs/impl_1/runme.log
reset_run impl_1 -prev_step 
launch_runs impl_1 -to_step write_bitstream -jobs 4
INFO: [Vivado 12-4149] The synthesis checkpoint for IP 'C:/Users/Tanjf/Desktop/lab10/lab10.srcs/sources_1/ip/fifo_32x8bit_0/fifo_32x8bit_0.xci' is already up-to-date
WARNING: [Vivado 12-872] Run step 'Design Initialization' is out-of-date.
[Tue Dec 21 21:49:06 2021] Launched impl_1...
Run output will be captured here: C:/Users/Tanjf/Desktop/lab10/lab10.runs/impl_1/runme.log
reset_run synth_1
launch_runs impl_1 -to_step write_bitstream -jobs 4
INFO: [Vivado 12-4149] The synthesis checkpoint for IP 'C:/Users/Tanjf/Desktop/lab10/lab10.srcs/sources_1/ip/fifo_32x8bit_0/fifo_32x8bit_0.xci' is already up-to-date
[Tue Dec 21 21:57:16 2021] Launched synth_1...
Run output will be captured here: C:/Users/Tanjf/Desktop/lab10/lab10.runs/synth_1/runme.log
[Tue Dec 21 21:57:16 2021] Launched impl_1...
Run output will be captured here: C:/Users/Tanjf/Desktop/lab10/lab10.runs/impl_1/runme.log
exit
INFO: [Common 17-206] Exiting Vivado at Tue Dec 21 22:00:43 2021...
