#-----------------------------------------------------------
# Vivado v2020.1 (64-bit)
# SW Build 2902540 on Wed May 27 19:54:49 MDT 2020
# IP Build 2902112 on Wed May 27 22:43:36 MDT 2020
# Start of session at: Sun Nov 28 15:55:28 2021
# Process ID: 17372
# Current directory: C:/Users/Tanjf/Desktop/lab06/lab06-3.2
# Command line: vivado.exe -gui_launcher_event rodinguilauncherevent24024 C:\Users\Tanjf\Desktop\lab06\lab06-3.2\lab06-3.xpr
# Log file: C:/Users/Tanjf/Desktop/lab06/lab06-3.2/vivado.log
# Journal file: C:/Users/Tanjf/Desktop/lab06/lab06-3.2\vivado.jou
#-----------------------------------------------------------
start_gui
open_project C:/Users/Tanjf/Desktop/lab06/lab06-3.2/lab06-3.xpr
INFO: [Project 1-313] Project file moved from 'C:/Users/Tanjf/Desktop/lab06-3.2' since last save.
Scanning sources...
Finished scanning sources
INFO: [IP_Flow 19-234] Refreshing IP repositories
INFO: [IP_Flow 19-1704] No user IP repositories specified
INFO: [IP_Flow 19-2313] Loaded Vivado IP repository 'D:/Vivado/Vivado/2020.1/data/ip'.
update_compile_order -fileset sources_1
reset_run impl_1 -prev_step 
launch_runs impl_1 -to_step write_bitstream -jobs 4
[Sun Nov 28 15:58:52 2021] Launched impl_1...
Run output will be captured here: C:/Users/Tanjf/Desktop/lab06/lab06-3.2/lab06-3.runs/impl_1/runme.log
open_run impl_1
INFO: [Device 21-403] Loading part xc7a100tcsg324-1
INFO: [Common 17-41] Interrupt caught. Command should exit soon.
Netlist sorting complete. Time (s): cpu = 00:00:00 ; elapsed = 00:00:00 . Memory (MB): peak = 1078.855 ; gain = 0.000
INFO: [Netlist 29-17] Analyzing 8 Unisim elements for replacement
INFO: [Netlist 29-28] Unisim Transformation completed in 0 CPU seconds
INFO: [Project 1-479] Netlist was created with Vivado 2020.1
open_run: Time (s): cpu = 00:00:05 ; elapsed = 00:00:06 . Memory (MB): peak = 1078.855 ; gain = 65.680
INFO: [Common 17-344] 'open_run' was cancelled
exit
INFO: [Common 17-206] Exiting Vivado at Sun Nov 28 16:09:19 2021...
