#! /c/Source/iverilog-install/bin/vvp
:ivl_version "12.0 (devel)" "(s20150603-1110-g18392a46)";
:ivl_delay_selection "TYPICAL";
:vpi_time_precision + 0;
:vpi_module "D:\iVerilog\lib\ivl\system.vpi";
:vpi_module "D:\iVerilog\lib\ivl\vhdl_sys.vpi";
:vpi_module "D:\iVerilog\lib\ivl\vhdl_textio.vpi";
:vpi_module "D:\iVerilog\lib\ivl\v2005_math.vpi";
:vpi_module "D:\iVerilog\lib\ivl\va_math.vpi";
S_000001a4b5642db0 .scope module, "test" "test" 2 1;
 .timescale 0 0;
    .port_info 0 /INPUT 1 "clk";
    .port_info 1 /INPUT 1 "rst";
    .port_info 2 /OUTPUT 30 "counter";
o000001a4b5676fa8 .functor BUFZ 1, C4<z>; HiZ drive
v000001a4b5643450_0 .net "clk", 0 0, o000001a4b5676fa8;  0 drivers
v000001a4b5642f40_0 .var "counter", 29 0;
o000001a4b5677008 .functor BUFZ 1, C4<z>; HiZ drive
v000001a4b5642fe0_0 .net "rst", 0 0, o000001a4b5677008;  0 drivers
E_000001a4b5675140 .event posedge, v000001a4b5642fe0_0, v000001a4b5643450_0;
    .scope S_000001a4b5642db0;
T_0 ;
    %wait E_000001a4b5675140;
    %load/vec4 v000001a4b5642fe0_0;
    %flag_set/vec4 8;
    %jmp/0xz  T_0.0, 8;
    %pushi/vec4 0, 0, 30;
    %assign/vec4 v000001a4b5642f40_0, 0;
    %jmp T_0.1;
T_0.0 ;
    %load/vec4 v000001a4b5642f40_0;
    %cmpi/e 1073741823, 0, 30;
    %jmp/0xz  T_0.2, 4;
    %pushi/vec4 0, 0, 30;
    %assign/vec4 v000001a4b5642f40_0, 0;
    %jmp T_0.3;
T_0.2 ;
    %load/vec4 v000001a4b5642f40_0;
    %addi 1, 0, 30;
    %assign/vec4 v000001a4b5642f40_0, 0;
T_0.3 ;
T_0.1 ;
    %jmp T_0;
    .thread T_0;
# The file index is used to find the file name in the following table.
:file_names 3;
    "N/A";
    "<interactive>";
    "1.v";
