#-----------------------------------------------------------
# Vivado v2020.1 (64-bit)
# SW Build 2902540 on Wed May 27 19:54:49 MDT 2020
# IP Build 2902112 on Wed May 27 22:43:36 MDT 2020
# Start of session at: Wed Nov 17 15:25:17 2021
# Process ID: 17032
# Current directory: C:/Users/Tanjf/Desktop/lab05/lab05-2
# Command line: vivado.exe -gui_launcher_event rodinguilauncherevent10848 C:\Users\Tanjf\Desktop\lab05\lab05-2\lab05-2.xpr
# Log file: C:/Users/Tanjf/Desktop/lab05/lab05-2/vivado.log
# Journal file: C:/Users/Tanjf/Desktop/lab05/lab05-2\vivado.jou
#-----------------------------------------------------------
start_gui
open_project C:/Users/Tanjf/Desktop/lab05/lab05-2/lab05-2.xpr
Scanning sources...
Finished scanning sources
WARNING: [filemgmt 56-3] Default IP Output Path : Could not find the directory 'C:/Users/Tanjf/Desktop/lab05/lab05-2/lab05-2.srcs/sources_1'.
INFO: [IP_Flow 19-234] Refreshing IP repositories
INFO: [IP_Flow 19-1704] No user IP repositories specified
INFO: [IP_Flow 19-2313] Loaded Vivado IP repository 'D:/Vivado/Vivado/2020.1/data/ip'.
exit
INFO: [Common 17-206] Exiting Vivado at Wed Nov 17 15:30:29 2021...
