#-----------------------------------------------------------
# Vivado v2020.1 (64-bit)
# SW Build 2902540 on Wed May 27 19:54:49 MDT 2020
# IP Build 2902112 on Wed May 27 22:43:36 MDT 2020
# Start of session at: Thu Dec  9 12:23:13 2021
# Process ID: 41892
# Current directory: C:/Users/Tanjf/Desktop/lab8/lab8_4
# Command line: vivado.exe -gui_launcher_event rodinguilauncherevent31464 C:\Users\Tanjf\Desktop\lab8\lab8_4\lab8_4.xpr
# Log file: C:/Users/Tanjf/Desktop/lab8/lab8_4/vivado.log
# Journal file: C:/Users/Tanjf/Desktop/lab8/lab8_4\vivado.jou
#-----------------------------------------------------------
start_gui
open_project C:/Users/Tanjf/Desktop/lab8/lab8_4/lab8_4.xpr
Scanning sources...
Finished scanning sources
INFO: [IP_Flow 19-234] Refreshing IP repositories
INFO: [IP_Flow 19-1704] No user IP repositories specified
INFO: [IP_Flow 19-2313] Loaded Vivado IP repository 'D:/Vivado/Vivado/2020.1/data/ip'.
open_project: Time (s): cpu = 00:00:14 ; elapsed = 00:00:08 . Memory (MB): peak = 1014.320 ; gain = 0.000
update_compile_order -fileset sources_1
reset_run synth_1
launch_runs impl_1 -to_step write_bitstream -jobs 4
[Thu Dec  9 12:24:03 2021] Launched synth_1...
Run output will be captured here: C:/Users/Tanjf/Desktop/lab8/lab8_4/lab8_4.runs/synth_1/runme.log
[Thu Dec  9 12:24:03 2021] Launched impl_1...
Run output will be captured here: C:/Users/Tanjf/Desktop/lab8/lab8_4/lab8_4.runs/impl_1/runme.log
exit
INFO: [Common 17-206] Exiting Vivado at Thu Dec  9 12:51:02 2021...
