#-----------------------------------------------------------
# Vivado v2020.1 (64-bit)
# SW Build 2902540 on Wed May 27 19:54:49 MDT 2020
# IP Build 2902112 on Wed May 27 22:43:36 MDT 2020
# Start of session at: Thu Dec  9 14:41:04 2021
# Process ID: 41928
# Current directory: C:/Users/Tanjf/Desktop/lab8/lab8_4
# Command line: vivado.exe -gui_launcher_event rodinguilauncherevent31588 C:\Users\Tanjf\Desktop\lab8\lab8_4\lab8_4.xpr
# Log file: C:/Users/Tanjf/Desktop/lab8/lab8_4/vivado.log
# Journal file: C:/Users/Tanjf/Desktop/lab8/lab8_4\vivado.jou
#-----------------------------------------------------------
start_gui
open_project C:/Users/Tanjf/Desktop/lab8/lab8_4/lab8_4.xpr
Scanning sources...
Finished scanning sources
INFO: [IP_Flow 19-234] Refreshing IP repositories
INFO: [IP_Flow 19-1704] No user IP repositories specified
INFO: [IP_Flow 19-2313] Loaded Vivado IP repository 'D:/Vivado/Vivado/2020.1/data/ip'.
open_project: Time (s): cpu = 00:00:12 ; elapsed = 00:00:06 . Memory (MB): peak = 997.707 ; gain = 0.000
update_compile_order -fileset sources_1
open_hw_manager
reset_run synth_1
launch_runs impl_1 -to_step write_bitstream -jobs 4
[Thu Dec  9 14:43:17 2021] Launched synth_1...
Run output will be captured here: C:/Users/Tanjf/Desktop/lab8/lab8_4/lab8_4.runs/synth_1/runme.log
[Thu Dec  9 14:43:17 2021] Launched impl_1...
Run output will be captured here: C:/Users/Tanjf/Desktop/lab8/lab8_4/lab8_4.runs/impl_1/runme.log
close_hw_manager
reset_run synth_1
launch_runs impl_1 -to_step write_bitstream -jobs 4
[Thu Dec  9 14:47:33 2021] Launched synth_1...
Run output will be captured here: C:/Users/Tanjf/Desktop/lab8/lab8_4/lab8_4.runs/synth_1/runme.log
[Thu Dec  9 14:47:33 2021] Launched impl_1...
Run output will be captured here: C:/Users/Tanjf/Desktop/lab8/lab8_4/lab8_4.runs/impl_1/runme.log
reset_run synth_1
launch_runs impl_1 -to_step write_bitstream -jobs 4
[Thu Dec  9 14:54:21 2021] Launched synth_1...
Run output will be captured here: C:/Users/Tanjf/Desktop/lab8/lab8_4/lab8_4.runs/synth_1/runme.log
[Thu Dec  9 14:54:21 2021] Launched impl_1...
Run output will be captured here: C:/Users/Tanjf/Desktop/lab8/lab8_4/lab8_4.runs/impl_1/runme.log
reset_run synth_1
launch_runs impl_1 -to_step write_bitstream -jobs 4
[Thu Dec  9 14:59:19 2021] Launched synth_1...
Run output will be captured here: C:/Users/Tanjf/Desktop/lab8/lab8_4/lab8_4.runs/synth_1/runme.log
[Thu Dec  9 14:59:19 2021] Launched impl_1...
Run output will be captured here: C:/Users/Tanjf/Desktop/lab8/lab8_4/lab8_4.runs/impl_1/runme.log
reset_run synth_1
launch_runs impl_1 -to_step write_bitstream -jobs 4
[Thu Dec  9 15:09:09 2021] Launched synth_1...
Run output will be captured here: C:/Users/Tanjf/Desktop/lab8/lab8_4/lab8_4.runs/synth_1/runme.log
[Thu Dec  9 15:09:10 2021] Launched impl_1...
Run output will be captured here: C:/Users/Tanjf/Desktop/lab8/lab8_4/lab8_4.runs/impl_1/runme.log
reset_run synth_1
launch_runs impl_1 -to_step write_bitstream -jobs 4
[Thu Dec  9 15:20:38 2021] Launched synth_1...
Run output will be captured here: C:/Users/Tanjf/Desktop/lab8/lab8_4/lab8_4.runs/synth_1/runme.log
[Thu Dec  9 15:20:38 2021] Launched impl_1...
Run output will be captured here: C:/Users/Tanjf/Desktop/lab8/lab8_4/lab8_4.runs/impl_1/runme.log
reset_run synth_1
launch_runs impl_1 -to_step write_bitstream -jobs 4
[Thu Dec  9 15:40:35 2021] Launched synth_1...
Run output will be captured here: C:/Users/Tanjf/Desktop/lab8/lab8_4/lab8_4.runs/synth_1/runme.log
[Thu Dec  9 15:40:35 2021] Launched impl_1...
Run output will be captured here: C:/Users/Tanjf/Desktop/lab8/lab8_4/lab8_4.runs/impl_1/runme.log
reset_run synth_1
launch_runs impl_1 -to_step write_bitstream -jobs 4
[Thu Dec  9 15:45:42 2021] Launched synth_1...
Run output will be captured here: C:/Users/Tanjf/Desktop/lab8/lab8_4/lab8_4.runs/synth_1/runme.log
[Thu Dec  9 15:45:42 2021] Launched impl_1...
Run output will be captured here: C:/Users/Tanjf/Desktop/lab8/lab8_4/lab8_4.runs/impl_1/runme.log
reset_run synth_1
launch_runs impl_1 -to_step write_bitstream -jobs 4
[Thu Dec  9 15:52:10 2021] Launched synth_1...
Run output will be captured here: C:/Users/Tanjf/Desktop/lab8/lab8_4/lab8_4.runs/synth_1/runme.log
[Thu Dec  9 15:52:10 2021] Launched impl_1...
Run output will be captured here: C:/Users/Tanjf/Desktop/lab8/lab8_4/lab8_4.runs/impl_1/runme.log
reset_run synth_1
launch_runs impl_1 -to_step write_bitstream -jobs 4 -scripts_only
exit
INFO: [Common 17-206] Exiting Vivado at Thu Dec  9 16:00:00 2021...
