#! /c/Source/iverilog-install/bin/vvp
:ivl_version "12.0 (devel)" "(s20150603-1110-g18392a46)";
:ivl_delay_selection "TYPICAL";
:vpi_time_precision + 0;
:vpi_module "D:\iVerilog\lib\ivl\system.vpi";
:vpi_module "D:\iVerilog\lib\ivl\vhdl_sys.vpi";
:vpi_module "D:\iVerilog\lib\ivl\vhdl_textio.vpi";
:vpi_module "D:\iVerilog\lib\ivl\v2005_math.vpi";
:vpi_module "D:\iVerilog\lib\ivl\va_math.vpi";
S_000001dbc35a5a10 .scope module, "test" "test" 2 8;
 .timescale 0 0;
    .port_info 0 /INPUT 1 "a";
    .port_info 1 /INPUT 1 "b";
    .port_info 2 /INPUT 1 "c";
    .port_info 3 /OUTPUT 1 "o";
o000001dbc35a6fe8 .functor BUFZ 1, C4<z>; HiZ drive
v000001dbc35a2380_0 .net "a", 0 0, o000001dbc35a6fe8;  0 drivers
o000001dbc35a7018 .functor BUFZ 1, C4<z>; HiZ drive
v000001dbc35a2420_0 .net "b", 0 0, o000001dbc35a7018;  0 drivers
o000001dbc35a7138 .functor BUFZ 1, C4<z>; HiZ drive
v000001dbc35a24c0_0 .net "c", 0 0, o000001dbc35a7138;  0 drivers
v000001dbc35a2560_0 .net "o", 0 0, L_000001dbc35a44c0;  1 drivers
v000001dbc35a2600_0 .net "temp", 0 0, L_000001dbc35a4100;  1 drivers
S_000001dbc35a5ba0 .scope module, "ins_name1" "sub_test" 2 13, 2 1 0, S_000001dbc35a5a10;
 .timescale 0 0;
    .port_info 0 /INPUT 1 "a";
    .port_info 1 /INPUT 1 "b";
    .port_info 2 /OUTPUT 1 "c";
v000001dbc3573690_0 .net *"_ivl_0", 0 0, L_000001dbc35a26a0;  1 drivers
v000001dbc35730a0_0 .net "a", 0 0, o000001dbc35a6fe8;  alias, 0 drivers
v000001dbc3558500_0 .net "b", 0 0, o000001dbc35a7018;  alias, 0 drivers
v000001dbc35a5d30_0 .net "c", 0 0, L_000001dbc35a4100;  alias, 1 drivers
L_000001dbc35a26a0 .cmp/gt 1, o000001dbc35a7018, o000001dbc35a6fe8;
L_000001dbc35a4100 .functor MUXZ 1, o000001dbc35a7018, o000001dbc35a6fe8, L_000001dbc35a26a0, C4<>;
S_000001dbc355b8c0 .scope module, "ins_name2" "sub_test" 2 18, 2 1 0, S_000001dbc35a5a10;
 .timescale 0 0;
    .port_info 0 /INPUT 1 "a";
    .port_info 1 /INPUT 1 "b";
    .port_info 2 /OUTPUT 1 "c";
v000001dbc355ba50_0 .net *"_ivl_0", 0 0, L_000001dbc35a3de0;  1 drivers
v000001dbc35a5dd0_0 .net "a", 0 0, L_000001dbc35a4100;  alias, 1 drivers
v000001dbc35a2240_0 .net "b", 0 0, o000001dbc35a7138;  alias, 0 drivers
v000001dbc35a22e0_0 .net "c", 0 0, L_000001dbc35a44c0;  alias, 1 drivers
L_000001dbc35a3de0 .cmp/gt 1, o000001dbc35a7138, L_000001dbc35a4100;
L_000001dbc35a44c0 .functor MUXZ 1, o000001dbc35a7138, L_000001dbc35a4100, L_000001dbc35a3de0, C4<>;
# The file index is used to find the file name in the following table.
:file_names 3;
    "N/A";
    "<interactive>";
    "สตั้4-4.v";
