#! /c/Source/iverilog-install/bin/vvp
:ivl_version "12.0 (devel)" "(s20150603-1110-g18392a46)";
:ivl_delay_selection "TYPICAL";
:vpi_time_precision + 0;
:vpi_module "D:\iVerilog\lib\ivl\system.vpi";
:vpi_module "D:\iVerilog\lib\ivl\vhdl_sys.vpi";
:vpi_module "D:\iVerilog\lib\ivl\vhdl_textio.vpi";
:vpi_module "D:\iVerilog\lib\ivl\v2005_math.vpi";
:vpi_module "D:\iVerilog\lib\ivl\va_math.vpi";
S_000002d09d322db0 .scope module, "test" "test" 2 1;
 .timescale 0 0;
    .port_info 0 /INPUT 1 "a";
    .port_info 1 /OUTPUT 1 "b";
o000002d09d3568d8 .functor BUFZ 1, C4<z>; HiZ drive
v000002d09d3234c0_0 .net "a", 0 0, o000002d09d3568d8;  0 drivers
v000002d09d322f40_0 .var "b", 0 0;
E_000002d09d355850 .event anyedge, v000002d09d3234c0_0;
    .scope S_000002d09d322db0;
T_0 ;
    %wait E_000002d09d355850;
    %load/vec4 v000002d09d3234c0_0;
    %flag_set/vec4 8;
    %jmp/0xz  T_0.0, 8;
    %pushi/vec4 0, 0, 1;
    %store/vec4 v000002d09d322f40_0, 0, 1;
    %jmp T_0.1;
T_0.0 ;
    %pushi/vec4 1, 0, 1;
    %store/vec4 v000002d09d322f40_0, 0, 1;
T_0.1 ;
    %jmp T_0;
    .thread T_0, $push;
# The file index is used to find the file name in the following table.
:file_names 3;
    "N/A";
    "<interactive>";
    "สตั้4-1.v";
