#-----------------------------------------------------------
# Vivado v2020.1 (64-bit)
# SW Build 2902540 on Wed May 27 19:54:49 MDT 2020
# IP Build 2902112 on Wed May 27 22:43:36 MDT 2020
# Start of session at: Thu Dec  9 16:45:38 2021
# Process ID: 33296
# Current directory: C:/Users/Tanjf/Desktop/lab8/lab8_3  afterward
# Command line: vivado.exe -gui_launcher_event rodinguilauncherevent40712 C:\Users\Tanjf\Desktop\lab8\lab8_3  afterward\lab8_3.xpr
# Log file: C:/Users/Tanjf/Desktop/lab8/lab8_3  afterward/vivado.log
# Journal file: C:/Users/Tanjf/Desktop/lab8/lab8_3  afterward\vivado.jou
#-----------------------------------------------------------
start_gui
open_project {C:/Users/Tanjf/Desktop/lab8/lab8_3  afterward/lab8_3.xpr}
INFO: [Project 1-313] Project file moved from 'C:/Users/Tanjf/Desktop/lab8/lab8_3' since last save.
Scanning sources...
Finished scanning sources
INFO: [IP_Flow 19-234] Refreshing IP repositories
INFO: [IP_Flow 19-1704] No user IP repositories specified
INFO: [IP_Flow 19-2313] Loaded Vivado IP repository 'D:/Vivado/Vivado/2020.1/data/ip'.
open_project: Time (s): cpu = 00:00:13 ; elapsed = 00:00:06 . Memory (MB): peak = 1013.504 ; gain = 0.000
update_compile_order -fileset sources_1
reset_run synth_1
launch_runs impl_1 -to_step write_bitstream -jobs 4
[Thu Dec  9 17:03:30 2021] Launched synth_1...
Run output will be captured here: C:/Users/Tanjf/Desktop/lab8/lab8_3  afterward/lab8_3.runs/synth_1/runme.log
[Thu Dec  9 17:03:30 2021] Launched impl_1...
Run output will be captured here: C:/Users/Tanjf/Desktop/lab8/lab8_3  afterward/lab8_3.runs/impl_1/runme.log
exit
INFO: [Common 17-206] Exiting Vivado at Thu Dec  9 17:11:27 2021...
