#-----------------------------------------------------------
# Vivado v2020.1 (64-bit)
# SW Build 2902540 on Wed May 27 19:54:49 MDT 2020
# IP Build 2902112 on Wed May 27 22:43:36 MDT 2020
# Start of session at: Tue Dec  7 16:18:41 2021
# Process ID: 3632
# Current directory: C:/Users/Tanjf/Desktop/lab8/lab8_3
# Command line: vivado.exe -gui_launcher_event rodinguilauncherevent14840 C:\Users\Tanjf\Desktop\lab8\lab8_3\lab8_3.xpr
# Log file: C:/Users/Tanjf/Desktop/lab8/lab8_3/vivado.log
# Journal file: C:/Users/Tanjf/Desktop/lab8/lab8_3\vivado.jou
#-----------------------------------------------------------
start_gui
open_project C:/Users/Tanjf/Desktop/lab8/lab8_3/lab8_3.xpr
Scanning sources...
Finished scanning sources
INFO: [IP_Flow 19-234] Refreshing IP repositories
INFO: [IP_Flow 19-1704] No user IP repositories specified
INFO: [IP_Flow 19-2313] Loaded Vivado IP repository 'D:/Vivado/Vivado/2020.1/data/ip'.
open_project: Time (s): cpu = 00:00:28 ; elapsed = 00:00:17 . Memory (MB): peak = 1013.152 ; gain = 0.000
exit
INFO: [Common 17-206] Exiting Vivadoreorder_files -fileset constrs_1 -after C:/Users/Tanjf/Desktop/lab8/lab8_3/lab8_3.srcs/constrs_1/new/constraint.xdc C:/Users/Tanjf/Desktop/lab8/lab8_3/lab8_3.srcs/constrs_1/new/constraint.xdc
reset_run synth_1
launch_runs impl_1 -to_step write_bitstream -jobs 4
[Tue Dec  7 16:23:18 2021] Launched synth_1...
Run output will be captured here: C:/Users/Tanjf/Desktop/lab8/lab8_3/lab8_3.runs/synth_1/runme.log
[Tue Dec  7 16:23:18 2021] Launched impl_1...
Run output will be captured here: C:/Users/Tanjf/Desktop/lab8/lab8_3/lab8_3.runs/impl_1/runme.log
reset_run synth_1
launch_runs impl_1 -to_step write_bitstream -jobs 4
[Tue Dec  7 16:26:58 2021] Launched synth_1...
Run output will be captured here: C:/Users/Tanjf/Desktop/lab8/lab8_3/lab8_3.runs/synth_1/runme.log
[Tue Dec  7 16:26:58 2021] Launched impl_1...
Run output will be captured here: C:/Users/Tanjf/Desktop/lab8/lab8_3/lab8_3.runs/impl_1/runme.log
exit
INFO: [Common 17-206] Exiting Vivado at Tue Dec  7 16:31:09 2021...
