#-----------------------------------------------------------
# Vivado v2020.1 (64-bit)
# SW Build 2902540 on Wed May 27 19:54:49 MDT 2020
# IP Build 2902112 on Wed May 27 22:43:36 MDT 2020
# Start of session at: Sun Nov 28 15:32:19 2021
# Process ID: 19428
# Current directory: C:/Users/Tanjf/Desktop/lab06/lab06-2
# Command line: vivado.exe -gui_launcher_event rodinguilauncherevent26832 C:\Users\Tanjf\Desktop\lab06\lab06-2\lab6.xpr
# Log file: C:/Users/Tanjf/Desktop/lab06/lab06-2/vivado.log
# Journal file: C:/Users/Tanjf/Desktop/lab06/lab06-2\vivado.jou
#-----------------------------------------------------------
start_gui
open_project C:/Users/Tanjf/Desktop/lab06/lab06-2/lab6.xpr
INFO: [Project 1-313] Project file moved from 'D:/1USTC/1数电实验/实验6/lab06/lab06-2' since last save.
Scanning sources...
Finished scanning sources
INFO: [IP_Flow 19-234] Refreshing IP repositories
INFO: [IP_Flow 19-1704] No user IP repositories specified
INFO: [IP_Flow 19-2313] Loaded Vivado IP repository 'D:/Vivado/Vivado/2020.1/data/ip'.
open_project: Time (s): cpu = 00:00:18 ; elapsed = 00:00:07 . Memory (MB): peak = 1013.527 ; gain = 0.000
update_compile_order -fileset sources_1
reset_run synth_1
launch_runs synth_1 -jobs 4
[Sun Nov 28 15:32:51 2021] Launched synth_1...
Run output will be captured here: C:/Users/Tanjf/Desktop/lab06/lab06-2/lab6.runs/synth_1/runme.log
reorder_files -fileset constrs_1 -after C:/Users/Tanjf/Desktop/lab06/lab06-2/lab6.srcs/constrs_1/new/constraint_test.xdc C:/Users/Tanjf/Desktop/lab06/lab06-2/lab6.srcs/constrs_1/new/constraint_test.xdc
reset_run synth_1
launch_runs synth_1 -jobs 4
[Sun Nov 28 15:35:09 2021] Launched synth_1...
Run output will be captured here: C:/Users/Tanjf/Desktop/lab06/lab06-2/lab6.runs/synth_1/runme.log
launch_runs impl_1 -jobs 4
[Sun Nov 28 15:36:08 2021] Launched impl_1...
Run output will be captured here: C:/Users/Tanjf/Desktop/lab06/lab06-2/lab6.runs/impl_1/runme.log
reset_run impl_1
INFO: [Common 17-41] Interrupt caught. Command should exit soon.
INFO: [Common 17-344] 'reset_runs' was cancelled
launch_runs impl_1 -to_step write_bitstream -jobs 4
[Sun Nov 28 15:37:17 2021] Launched impl_1...
Run output will be captured here: C:/Users/Tanjf/Desktop/lab06/lab06-2/lab6.runs/impl_1/runme.log
exit
INFO: [Common 17-206] Exiting Vivado at Sun Nov 28 15:45:55 2021...
