#-----------------------------------------------------------
# Vivado v2020.1 (64-bit)
# SW Build 2902540 on Wed May 27 19:54:49 MDT 2020
# IP Build 2902112 on Wed May 27 22:43:36 MDT 2020
# Start of session at: Sat Nov 27 21:58:45 2021
# Process ID: 19712
# Current directory: D:/1USTC/1数电实验/实验6/lab06/lab06-2
# Command line: vivado.exe -gui_launcher_event rodinguilauncherevent6496 D:\1USTC\1数电实验\实验6\lab06\lab06-2\lab6.xpr
# Log file: D:/1USTC/1数电实验/实验6/lab06/lab06-2/vivado.log
# Journal file: D:/1USTC/1数电实验/实验6/lab06/lab06-2\vivado.jou
#-----------------------------------------------------------
start_gui
open_project D:/1USTC/1数电实验/实验6/lab06/lab06-2/lab6.xpr
INFO: [Project 1-313] Project file moved from 'C:/Users/Tanjf/Desktop/lab6' since last save.
Scanning sources...
Finished scanning sources
INFO: [IP_Flow 19-234] Refreshing IP repositories
INFO: [IP_Flow 19-1704] No user IP repositories specified
INFO: [IP_Flow 19-2313] Loaded Vivado IP repository 'D:/Vivado/Vivado/2020.1/data/ip'.
update_compile_order -fileset sources_1
reset_run synth_1
launch_runs impl_1 -to_step write_bitstream -jobs 4
[Sat Nov 27 22:11:43 2021] Launched synth_1...
Run output will be captured here: D:/1USTC/1数电实验/实验6/lab06/lab06-2/lab6.runs/synth_1/runme.log
[Sat Nov 27 22:11:43 2021] Launched impl_1...
Run output will be captured here: D:/1USTC/1数电实验/实验6/lab06/lab06-2/lab6.runs/impl_1/runme.log
reset_run synth_1
launch_runs impl_1 -to_step write_bitstream -jobs 4
[Sat Nov 27 22:14:09 2021] Launched synth_1...
Run output will be captured here: D:/1USTC/1数电实验/实验6/lab06/lab06-2/lab6.runs/synth_1/runme.log
[Sat Nov 27 22:14:09 2021] Launched impl_1...
Run output will be captured here: D:/1USTC/1数电实验/实验6/lab06/lab06-2/lab6.runs/impl_1/runme.log
reset_run synth_1
launch_runs impl_1 -to_step write_bitstream -jobs 4
[Sat Nov 27 22:16:05 2021] Launched synth_1...
Run output will be captured here: D:/1USTC/1数电实验/实验6/lab06/lab06-2/lab6.runs/synth_1/runme.log
[Sat Nov 27 22:16:05 2021] Launched impl_1...
Run output will be captured here: D:/1USTC/1数电实验/实验6/lab06/lab06-2/lab6.runs/impl_1/runme.log
reset_run synth_1
launch_runs impl_1 -to_step write_bitstream -jobs 4
[Sat Nov 27 22:16:43 2021] Launched synth_1...
Run output will be captured here: D:/1USTC/1数电实验/实验6/lab06/lab06-2/lab6.runs/synth_1/runme.log
[Sat Nov 27 22:16:43 2021] Launched impl_1...
Run output will be captured here: D:/1USTC/1数电实验/实验6/lab06/lab06-2/lab6.runs/impl_1/runme.log
exit
INFO: [Common 17-206] Exiting Vivado at Sat Nov 27 22:17:29 2021...
