#-----------------------------------------------------------
# Vivado v2020.1 (64-bit)
# SW Build 2902540 on Wed May 27 19:54:49 MDT 2020
# IP Build 2902112 on Wed May 27 22:43:36 MDT 2020
# Start of session at: Sun Nov 28 15:08:46 2021
# Process ID: 14316
# Current directory: D:/1USTC/1数电实验/实验6/lab06/lab06-2
# Command line: vivado.exe -gui_launcher_event rodinguilauncherevent20420 D:\1USTC\1数电实验\实验6\lab06\lab06-2\lab6.xpr
# Log file: D:/1USTC/1数电实验/实验6/lab06/lab06-2/vivado.log
# Journal file: D:/1USTC/1数电实验/实验6/lab06/lab06-2\vivado.jou
#-----------------------------------------------------------
start_gui
open_project D:/1USTC/1数电实验/实验6/lab06/lab06-2/lab6.xpr
Scanning sources...
Finished scanning sources
INFO: [IP_Flow 19-234] Refreshing IP repositories
INFO: [IP_Flow 19-1704] No user IP repositories specified
INFO: [IP_Flow 19-2313] Loaded Vivado IP repository 'D:/Vivado/Vivado/2020.1/data/ip'.
open_project: Time (s): cpu = 00:00:12 ; elapsed = 00:00:05 . Memory (MB): peak = 1012.961 ; gain = 0.000
update_compile_order -fileset sources_1
reset_run synth_1
launch_runs impl_1 -to_step write_bitstream -jobs 4
[Sun Nov 28 15:09:55 2021] Launched synth_1...
Run output will be captured here: D:/1USTC/1数电实验/实验6/lab06/lab06-2/lab6.runs/synth_1/runme.log
[Sun Nov 28 15:09:55 2021] Launched impl_1...
Run output will be captured here: D:/1USTC/1数电实验/实验6/lab06/lab06-2/lab6.runs/impl_1/runme.log
reset_run synth_1
launch_runs impl_1 -to_step write_bitstream -jobs 4
[Sun Nov 28 15:11:56 2021] Launched synth_1...
Run output will be captured here: D:/1USTC/1数电实验/实验6/lab06/lab06-2/lab6.runs/synth_1/runme.log
[Sun Nov 28 15:11:56 2021] Launched impl_1...
Run output will be captured here: D:/1USTC/1数电实验/实验6/lab06/lab06-2/lab6.runs/impl_1/runme.log
reset_run synth_1
launch_runs impl_1 -to_step write_bitstream -jobs 4
[Sun Nov 28 15:12:44 2021] Launched synth_1...
Run output will be captured here: D:/1USTC/1数电实验/实验6/lab06/lab06-2/lab6.runs/synth_1/runme.log
[Sun Nov 28 15:12:44 2021] Launched impl_1...
Run output will be captured here: D:/1USTC/1数电实验/实验6/lab06/lab06-2/lab6.runs/impl_1/runme.log
reset_run synth_1
launch_runs impl_1 -to_step write_bitstream -jobs 4
[Sun Nov 28 15:22:09 2021] Launched synth_1...
Run output will be captured here: D:/1USTC/1数电实验/实验6/lab06/lab06-2/lab6.runs/synth_1/runme.log
[Sun Nov 28 15:22:09 2021] Launched impl_1...
Run output will be captured here: D:/1USTC/1数电实验/实验6/lab06/lab06-2/lab6.runs/impl_1/runme.log
reset_run synth_1
launch_runs impl_1 -to_step write_bitstream -jobs 4
[Sun Nov 28 15:28:48 2021] Launched synth_1...
Run output will be captured here: D:/1USTC/1数电实验/实验6/lab06/lab06-2/lab6.runs/synth_1/runme.log
[Sun Nov 28 15:28:48 2021] Launched impl_1...
Run output will be captured here: D:/1USTC/1数电实验/实验6/lab06/lab06-2/lab6.runs/impl_1/runme.log
exit
INFO: [Common 17-206] Exiting Vivado at Sun Nov 28 15:29:54 2021...
