#! /c/Source/iverilog-install/bin/vvp
:ivl_version "12.0 (devel)" "(s20150603-1110-g18392a46)";
:ivl_delay_selection "TYPICAL";
:vpi_time_precision + 0;
:vpi_module "D:\iVerilog\lib\ivl\system.vpi";
:vpi_module "D:\iVerilog\lib\ivl\vhdl_sys.vpi";
:vpi_module "D:\iVerilog\lib\ivl\vhdl_textio.vpi";
:vpi_module "D:\iVerilog\lib\ivl\v2005_math.vpi";
:vpi_module "D:\iVerilog\lib\ivl\va_math.vpi";
S_0000021fcb282db0 .scope module, "decoder" "decoder" 2 1;
 .timescale 0 0;
    .port_info 0 /INPUT 1 "i7";
    .port_info 1 /INPUT 1 "i6";
    .port_info 2 /INPUT 1 "i5";
    .port_info 3 /INPUT 1 "i4";
    .port_info 4 /INPUT 1 "i3";
    .port_info 5 /INPUT 1 "i2";
    .port_info 6 /INPUT 1 "i1";
    .port_info 7 /INPUT 1 "i0";
    .port_info 8 /OUTPUT 1 "y2";
    .port_info 9 /OUTPUT 1 "y1";
    .port_info 10 /OUTPUT 1 "y0";
o0000021fcb2b7cc8 .functor BUFZ 1, C4<z>; HiZ drive
L_0000021fcb2b3e00 .functor NOT 1, o0000021fcb2b7cc8, C4<0>, C4<0>, C4<0>;
o0000021fcb2b7c98 .functor BUFZ 1, C4<z>; HiZ drive
L_0000021fcb2b4110 .functor AND 1, L_0000021fcb2b3e00, o0000021fcb2b7c98, C4<1>, C4<1>;
L_0000021fcb2b4420 .functor OR 1, o0000021fcb2b7cc8, L_0000021fcb2b4110, C4<0>, C4<0>;
L_0000021fcb2b3c40 .functor NOT 1, o0000021fcb2b7cc8, C4<0>, C4<0>, C4<0>;
L_0000021fcb2b3d90 .functor NOT 1, o0000021fcb2b7c98, C4<0>, C4<0>, C4<0>;
L_0000021fcb2b3a80 .functor AND 1, L_0000021fcb2b3c40, L_0000021fcb2b3d90, C4<1>, C4<1>;
o0000021fcb2b7c68 .functor BUFZ 1, C4<z>; HiZ drive
L_0000021fcb2b4180 .functor AND 1, L_0000021fcb2b3a80, o0000021fcb2b7c68, C4<1>, C4<1>;
L_0000021fcb2b4260 .functor OR 1, L_0000021fcb2b4420, L_0000021fcb2b4180, C4<0>, C4<0>;
L_0000021fcb2b4030 .functor NOT 1, o0000021fcb2b7cc8, C4<0>, C4<0>, C4<0>;
L_0000021fcb2b42d0 .functor NOT 1, o0000021fcb2b7c98, C4<0>, C4<0>, C4<0>;
L_0000021fcb2b4340 .functor AND 1, L_0000021fcb2b4030, L_0000021fcb2b42d0, C4<1>, C4<1>;
L_0000021fcb2b3d20 .functor NOT 1, o0000021fcb2b7c68, C4<0>, C4<0>, C4<0>;
L_0000021fcb2b3b60 .functor AND 1, L_0000021fcb2b4340, L_0000021fcb2b3d20, C4<1>, C4<1>;
o0000021fcb2b7c38 .functor BUFZ 1, C4<z>; HiZ drive
L_0000021fcb2b3af0 .functor AND 1, L_0000021fcb2b3b60, o0000021fcb2b7c38, C4<1>, C4<1>;
L_0000021fcb2b40a0 .functor OR 1, L_0000021fcb2b4260, L_0000021fcb2b3af0, C4<0>, C4<0>;
L_0000021fcb2b43b0 .functor NOT 1, o0000021fcb2b7cc8, C4<0>, C4<0>, C4<0>;
L_0000021fcb2b3ee0 .functor AND 1, L_0000021fcb2b43b0, o0000021fcb2b7c98, C4<1>, C4<1>;
L_0000021fcb2b4490 .functor OR 1, o0000021fcb2b7cc8, L_0000021fcb2b3ee0, C4<0>, C4<0>;
L_0000021fcb2b3e70 .functor NOT 1, o0000021fcb2b7cc8, C4<0>, C4<0>, C4<0>;
L_0000021fcb2b35b0 .functor NOT 1, o0000021fcb2b7c98, C4<0>, C4<0>, C4<0>;
L_0000021fcb2b3f50 .functor AND 1, L_0000021fcb2b3e70, L_0000021fcb2b35b0, C4<1>, C4<1>;
L_0000021fcb2b3bd0 .functor NOT 1, o0000021fcb2b7c68, C4<0>, C4<0>, C4<0>;
L_0000021fcb2b3770 .functor AND 1, L_0000021fcb2b3f50, L_0000021fcb2b3bd0, C4<1>, C4<1>;
L_0000021fcb2b3700 .functor NOT 1, o0000021fcb2b7c38, C4<0>, C4<0>, C4<0>;
L_0000021fcb2b3fc0 .functor AND 1, L_0000021fcb2b3770, L_0000021fcb2b3700, C4<1>, C4<1>;
o0000021fcb2b7c08 .functor BUFZ 1, C4<z>; HiZ drive
L_0000021fcb2b3690 .functor AND 1, L_0000021fcb2b3fc0, o0000021fcb2b7c08, C4<1>, C4<1>;
L_0000021fcb2b3cb0 .functor OR 1, L_0000021fcb2b4490, L_0000021fcb2b3690, C4<0>, C4<0>;
L_0000021fcb2b37e0 .functor NOT 1, o0000021fcb2b7cc8, C4<0>, C4<0>, C4<0>;
L_0000021fcb2b38c0 .functor NOT 1, o0000021fcb2b7c98, C4<0>, C4<0>, C4<0>;
L_0000021fcb2b3930 .functor AND 1, L_0000021fcb2b37e0, L_0000021fcb2b38c0, C4<1>, C4<1>;
L_0000021fcb2b39a0 .functor NOT 1, o0000021fcb2b7c68, C4<0>, C4<0>, C4<0>;
L_0000021fcb2b3a10 .functor AND 1, L_0000021fcb2b3930, L_0000021fcb2b39a0, C4<1>, C4<1>;
L_0000021fcb3133a0 .functor NOT 1, o0000021fcb2b7c38, C4<0>, C4<0>, C4<0>;
L_0000021fcb313f70 .functor AND 1, L_0000021fcb2b3a10, L_0000021fcb3133a0, C4<1>, C4<1>;
L_0000021fcb3135d0 .functor NOT 1, o0000021fcb2b7c08, C4<0>, C4<0>, C4<0>;
L_0000021fcb313db0 .functor AND 1, L_0000021fcb313f70, L_0000021fcb3135d0, C4<1>, C4<1>;
o0000021fcb2b7bd8 .functor BUFZ 1, C4<z>; HiZ drive
L_0000021fcb313870 .functor AND 1, L_0000021fcb313db0, o0000021fcb2b7bd8, C4<1>, C4<1>;
L_0000021fcb313560 .functor OR 1, L_0000021fcb2b3cb0, L_0000021fcb313870, C4<0>, C4<0>;
L_0000021fcb3131e0 .functor NOT 1, o0000021fcb2b7cc8, C4<0>, C4<0>, C4<0>;
L_0000021fcb313410 .functor NOT 1, o0000021fcb2b7c98, C4<0>, C4<0>, C4<0>;
L_0000021fcb313b80 .functor AND 1, L_0000021fcb3131e0, L_0000021fcb313410, C4<1>, C4<1>;
L_0000021fcb313cd0 .functor AND 1, L_0000021fcb313b80, o0000021fcb2b7c68, C4<1>, C4<1>;
L_0000021fcb313f00 .functor OR 1, o0000021fcb2b7cc8, L_0000021fcb313cd0, C4<0>, C4<0>;
L_0000021fcb313640 .functor NOT 1, o0000021fcb2b7cc8, C4<0>, C4<0>, C4<0>;
L_0000021fcb313e20 .functor NOT 1, o0000021fcb2b7c98, C4<0>, C4<0>, C4<0>;
L_0000021fcb313250 .functor AND 1, L_0000021fcb313640, L_0000021fcb313e20, C4<1>, C4<1>;
L_0000021fcb313800 .functor NOT 1, o0000021fcb2b7c68, C4<0>, C4<0>, C4<0>;
L_0000021fcb3136b0 .functor AND 1, L_0000021fcb313250, L_0000021fcb313800, C4<1>, C4<1>;
L_0000021fcb313a30 .functor NOT 1, o0000021fcb2b7c38, C4<0>, C4<0>, C4<0>;
L_0000021fcb313d40 .functor AND 1, L_0000021fcb3136b0, L_0000021fcb313a30, C4<1>, C4<1>;
L_0000021fcb313aa0 .functor AND 1, L_0000021fcb313d40, o0000021fcb2b7c08, C4<1>, C4<1>;
L_0000021fcb3132c0 .functor OR 1, L_0000021fcb313f00, L_0000021fcb313aa0, C4<0>, C4<0>;
L_0000021fcb313170 .functor NOT 1, o0000021fcb2b7cc8, C4<0>, C4<0>, C4<0>;
L_0000021fcb313100 .functor NOT 1, o0000021fcb2b7c98, C4<0>, C4<0>, C4<0>;
L_0000021fcb313bf0 .functor AND 1, L_0000021fcb313170, L_0000021fcb313100, C4<1>, C4<1>;
L_0000021fcb313790 .functor NOT 1, o0000021fcb2b7c68, C4<0>, C4<0>, C4<0>;
L_0000021fcb313330 .functor AND 1, L_0000021fcb313bf0, L_0000021fcb313790, C4<1>, C4<1>;
L_0000021fcb3138e0 .functor NOT 1, o0000021fcb2b7c38, C4<0>, C4<0>, C4<0>;
L_0000021fcb313090 .functor AND 1, L_0000021fcb313330, L_0000021fcb3138e0, C4<1>, C4<1>;
L_0000021fcb313480 .functor NOT 1, o0000021fcb2b7c08, C4<0>, C4<0>, C4<0>;
L_0000021fcb3134f0 .functor AND 1, L_0000021fcb313090, L_0000021fcb313480, C4<1>, C4<1>;
L_0000021fcb313720 .functor NOT 1, o0000021fcb2b7bd8, C4<0>, C4<0>, C4<0>;
L_0000021fcb313950 .functor AND 1, L_0000021fcb3134f0, L_0000021fcb313720, C4<1>, C4<1>;
o0000021fcb2b7ba8 .functor BUFZ 1, C4<z>; HiZ drive
L_0000021fcb3139c0 .functor AND 1, L_0000021fcb313950, o0000021fcb2b7ba8, C4<1>, C4<1>;
L_0000021fcb313b10 .functor OR 1, L_0000021fcb3132c0, L_0000021fcb3139c0, C4<0>, C4<0>;
v0000021fcb2ae920_0 .net *"_ivl_0", 0 0, L_0000021fcb2b3e00;  1 drivers
v0000021fcb2b02c0_0 .net *"_ivl_10", 0 0, L_0000021fcb2b3a80;  1 drivers
v0000021fcb2afc80_0 .net *"_ivl_100", 0 0, L_0000021fcb313aa0;  1 drivers
v0000021fcb2b00e0_0 .net *"_ivl_102", 0 0, L_0000021fcb3132c0;  1 drivers
v0000021fcb2afbe0_0 .net *"_ivl_104", 0 0, L_0000021fcb313170;  1 drivers
v0000021fcb2af000_0 .net *"_ivl_106", 0 0, L_0000021fcb313100;  1 drivers
v0000021fcb2b0180_0 .net *"_ivl_108", 0 0, L_0000021fcb313bf0;  1 drivers
v0000021fcb2aec40_0 .net *"_ivl_110", 0 0, L_0000021fcb313790;  1 drivers
v0000021fcb2af3c0_0 .net *"_ivl_112", 0 0, L_0000021fcb313330;  1 drivers
v0000021fcb2ae6a0_0 .net *"_ivl_114", 0 0, L_0000021fcb3138e0;  1 drivers
v0000021fcb2ae9c0_0 .net *"_ivl_116", 0 0, L_0000021fcb313090;  1 drivers
v0000021fcb2b0220_0 .net *"_ivl_118", 0 0, L_0000021fcb313480;  1 drivers
v0000021fcb2aeec0_0 .net *"_ivl_12", 0 0, L_0000021fcb2b4180;  1 drivers
v0000021fcb2ae740_0 .net *"_ivl_120", 0 0, L_0000021fcb3134f0;  1 drivers
v0000021fcb2afb40_0 .net *"_ivl_122", 0 0, L_0000021fcb313720;  1 drivers
v0000021fcb2af1e0_0 .net *"_ivl_124", 0 0, L_0000021fcb313950;  1 drivers
v0000021fcb2af280_0 .net *"_ivl_126", 0 0, L_0000021fcb3139c0;  1 drivers
v0000021fcb2af320_0 .net *"_ivl_14", 0 0, L_0000021fcb2b4260;  1 drivers
v0000021fcb2af460_0 .net *"_ivl_16", 0 0, L_0000021fcb2b4030;  1 drivers
v0000021fcb2af5a0_0 .net *"_ivl_18", 0 0, L_0000021fcb2b42d0;  1 drivers
v0000021fcb2afa00_0 .net *"_ivl_2", 0 0, L_0000021fcb2b4110;  1 drivers
v0000021fcb2af640_0 .net *"_ivl_20", 0 0, L_0000021fcb2b4340;  1 drivers
v0000021fcb2af6e0_0 .net *"_ivl_22", 0 0, L_0000021fcb2b3d20;  1 drivers
v0000021fcb2afd20_0 .net *"_ivl_24", 0 0, L_0000021fcb2b3b60;  1 drivers
v0000021fcb30eed0_0 .net *"_ivl_26", 0 0, L_0000021fcb2b3af0;  1 drivers
v0000021fcb30f6f0_0 .net *"_ivl_30", 0 0, L_0000021fcb2b43b0;  1 drivers
v0000021fcb310870_0 .net *"_ivl_32", 0 0, L_0000021fcb2b3ee0;  1 drivers
v0000021fcb310c30_0 .net *"_ivl_34", 0 0, L_0000021fcb2b4490;  1 drivers
v0000021fcb30ef70_0 .net *"_ivl_36", 0 0, L_0000021fcb2b3e70;  1 drivers
v0000021fcb310050_0 .net *"_ivl_38", 0 0, L_0000021fcb2b35b0;  1 drivers
v0000021fcb30f1f0_0 .net *"_ivl_4", 0 0, L_0000021fcb2b4420;  1 drivers
v0000021fcb30f330_0 .net *"_ivl_40", 0 0, L_0000021fcb2b3f50;  1 drivers
v0000021fcb310230_0 .net *"_ivl_42", 0 0, L_0000021fcb2b3bd0;  1 drivers
v0000021fcb310cd0_0 .net *"_ivl_44", 0 0, L_0000021fcb2b3770;  1 drivers
v0000021fcb30ffb0_0 .net *"_ivl_46", 0 0, L_0000021fcb2b3700;  1 drivers
v0000021fcb30f5b0_0 .net *"_ivl_48", 0 0, L_0000021fcb2b3fc0;  1 drivers
v0000021fcb30f650_0 .net *"_ivl_50", 0 0, L_0000021fcb2b3690;  1 drivers
v0000021fcb310a50_0 .net *"_ivl_52", 0 0, L_0000021fcb2b3cb0;  1 drivers
v0000021fcb30f970_0 .net *"_ivl_54", 0 0, L_0000021fcb2b37e0;  1 drivers
v0000021fcb30f470_0 .net *"_ivl_56", 0 0, L_0000021fcb2b38c0;  1 drivers
v0000021fcb30f0b0_0 .net *"_ivl_58", 0 0, L_0000021fcb2b3930;  1 drivers
v0000021fcb310550_0 .net *"_ivl_6", 0 0, L_0000021fcb2b3c40;  1 drivers
v0000021fcb30f790_0 .net *"_ivl_60", 0 0, L_0000021fcb2b39a0;  1 drivers
v0000021fcb3105f0_0 .net *"_ivl_62", 0 0, L_0000021fcb2b3a10;  1 drivers
v0000021fcb30f3d0_0 .net *"_ivl_64", 0 0, L_0000021fcb3133a0;  1 drivers
v0000021fcb30fb50_0 .net *"_ivl_66", 0 0, L_0000021fcb313f70;  1 drivers
v0000021fcb30ee30_0 .net *"_ivl_68", 0 0, L_0000021fcb3135d0;  1 drivers
v0000021fcb30f150_0 .net *"_ivl_70", 0 0, L_0000021fcb313db0;  1 drivers
v0000021fcb310690_0 .net *"_ivl_72", 0 0, L_0000021fcb313870;  1 drivers
v0000021fcb30f290_0 .net *"_ivl_76", 0 0, L_0000021fcb3131e0;  1 drivers
v0000021fcb310730_0 .net *"_ivl_78", 0 0, L_0000021fcb313410;  1 drivers
v0000021fcb30fa10_0 .net *"_ivl_8", 0 0, L_0000021fcb2b3d90;  1 drivers
v0000021fcb30ff10_0 .net *"_ivl_80", 0 0, L_0000021fcb313b80;  1 drivers
v0000021fcb30f830_0 .net *"_ivl_82", 0 0, L_0000021fcb313cd0;  1 drivers
v0000021fcb30fab0_0 .net *"_ivl_84", 0 0, L_0000021fcb313f00;  1 drivers
v0000021fcb3107d0_0 .net *"_ivl_86", 0 0, L_0000021fcb313640;  1 drivers
v0000021fcb310910_0 .net *"_ivl_88", 0 0, L_0000021fcb313e20;  1 drivers
v0000021fcb30fbf0_0 .net *"_ivl_90", 0 0, L_0000021fcb313250;  1 drivers
v0000021fcb30f510_0 .net *"_ivl_92", 0 0, L_0000021fcb313800;  1 drivers
v0000021fcb3100f0_0 .net *"_ivl_94", 0 0, L_0000021fcb3136b0;  1 drivers
v0000021fcb30fc90_0 .net *"_ivl_96", 0 0, L_0000021fcb313a30;  1 drivers
v0000021fcb30f8d0_0 .net *"_ivl_98", 0 0, L_0000021fcb313d40;  1 drivers
o0000021fcb2b7b78 .functor BUFZ 1, C4<z>; HiZ drive
v0000021fcb30fd30_0 .net "i0", 0 0, o0000021fcb2b7b78;  0 drivers
v0000021fcb30f010_0 .net "i1", 0 0, o0000021fcb2b7ba8;  0 drivers
v0000021fcb30fdd0_0 .net "i2", 0 0, o0000021fcb2b7bd8;  0 drivers
v0000021fcb30fe70_0 .net "i3", 0 0, o0000021fcb2b7c08;  0 drivers
v0000021fcb3104b0_0 .net "i4", 0 0, o0000021fcb2b7c38;  0 drivers
v0000021fcb310190_0 .net "i5", 0 0, o0000021fcb2b7c68;  0 drivers
v0000021fcb3109b0_0 .net "i6", 0 0, o0000021fcb2b7c98;  0 drivers
v0000021fcb3102d0_0 .net "i7", 0 0, o0000021fcb2b7cc8;  0 drivers
v0000021fcb310af0_0 .net "y0", 0 0, L_0000021fcb313b10;  1 drivers
v0000021fcb310370_0 .net "y1", 0 0, L_0000021fcb313560;  1 drivers
v0000021fcb310410_0 .net "y2", 0 0, L_0000021fcb2b40a0;  1 drivers
# The file index is used to find the file name in the following table.
:file_names 3;
    "N/A";
    "<interactive>";
    "数电实验2-3.v";
