#! /c/Source/iverilog-install/bin/vvp
:ivl_version "12.0 (devel)" "(s20150603-1110-g18392a46)";
:ivl_delay_selection "TYPICAL";
:vpi_time_precision + 0;
:vpi_module "D:\iVerilog\lib\ivl\system.vpi";
:vpi_module "D:\iVerilog\lib\ivl\vhdl_sys.vpi";
:vpi_module "D:\iVerilog\lib\ivl\vhdl_textio.vpi";
:vpi_module "D:\iVerilog\lib\ivl\v2005_math.vpi";
:vpi_module "D:\iVerilog\lib\ivl\va_math.vpi";
S_0000023e5ac02ca0 .scope module, "test" "test" 2 1;
 .timescale 0 0;
    .port_info 0 /INPUT 1 "clk";
    .port_info 1 /INPUT 1 "rst";
    .port_info 2 /OUTPUT 1 "led";
L_0000023e5ac7fc48 .functor BUFT 1, C4<11>, C4<0>, C4<0>, C4<0>;
v0000023e5ac02e30_0 .net/2u *"_ivl_0", 1 0, L_0000023e5ac7fc48;  1 drivers
v0000023e5ac02ed0_0 .net *"_ivl_2", 0 0, L_0000023e5adeee50;  1 drivers
L_0000023e5ac7fc90 .functor BUFT 1, C4<1>, C4<0>, C4<0>, C4<0>;
v0000023e5ac02f70_0 .net/2u *"_ivl_4", 0 0, L_0000023e5ac7fc90;  1 drivers
L_0000023e5ac7fcd8 .functor BUFT 1, C4<0>, C4<0>, C4<0>, C4<0>;
v0000023e5ac03010_0 .net/2u *"_ivl_6", 0 0, L_0000023e5ac7fcd8;  1 drivers
o0000023e5ac37098 .functor BUFZ 1, C4<z>; HiZ drive
v0000023e5ac030b0_0 .net "clk", 0 0, o0000023e5ac37098;  0 drivers
v0000023e5adeeb40_0 .var "cnt", 1 0;
v0000023e5adeebe0_0 .net "led", 0 0, L_0000023e5ac327a0;  1 drivers
v0000023e5adeec80_0 .var "q", 1 0;
o0000023e5ac37158 .functor BUFZ 1, C4<z>; HiZ drive
v0000023e5adeed20_0 .net "rst", 0 0, o0000023e5ac37158;  0 drivers
E_0000023e5ade8340 .event posedge, v0000023e5ac030b0_0;
E_0000023e5ade8580 .event anyedge, v0000023e5adeec80_0;
L_0000023e5adeee50 .cmp/eq 2, v0000023e5adeeb40_0, L_0000023e5ac7fc48;
L_0000023e5ac327a0 .functor MUXZ 1, L_0000023e5ac7fcd8, L_0000023e5ac7fc90, L_0000023e5adeee50, C4<>;
    .scope S_0000023e5ac02ca0;
T_0 ;
    %wait E_0000023e5ade8580;
    %load/vec4 v0000023e5adeec80_0;
    %addi 1, 0, 2;
    %store/vec4 v0000023e5adeeb40_0, 0, 2;
    %jmp T_0;
    .thread T_0, $push;
    .scope S_0000023e5ac02ca0;
T_1 ;
    %wait E_0000023e5ade8340;
    %load/vec4 v0000023e5adeed20_0;
    %cmpi/e 0, 0, 1;
    %jmp/0xz  T_1.0, 4;
    %pushi/vec4 0, 0, 2;
    %assign/vec4 v0000023e5adeec80_0, 0;
    %jmp T_1.1;
T_1.0 ;
    %load/vec4 v0000023e5adeeb40_0;
    %assign/vec4 v0000023e5adeec80_0, 0;
T_1.1 ;
    %jmp T_1;
    .thread T_1;
# The file index is used to find the file name in the following table.
:file_names 3;
    "N/A";
    "<interactive>";
    "lab8_1.v";
