#-----------------------------------------------------------
# Vivado v2020.1 (64-bit)
# SW Build 2902540 on Wed May 27 19:54:49 MDT 2020
# IP Build 2902112 on Wed May 27 22:43:36 MDT 2020
# Start of session at: Wed Nov 17 20:57:34 2021
# Process ID: 12464
# Current directory: C:/Users/Tanjf/Desktop/lab05/lab05-3
# Command line: vivado.exe -gui_launcher_event rodinguilauncherevent11548 C:\Users\Tanjf\Desktop\lab05\lab05-3\lab05-3.xpr
# Log file: C:/Users/Tanjf/Desktop/lab05/lab05-3/vivado.log
# Journal file: C:/Users/Tanjf/Desktop/lab05/lab05-3\vivado.jou
#-----------------------------------------------------------
start_gui
open_project C:/Users/Tanjf/Desktop/lab05/lab05-3/lab05-3.xpr
Scanning sources...
Finished scanning sources
INFO: [IP_Flow 19-234] Refreshing IP repositories
INFO: [IP_Flow 19-1704] No user IP repositories specified
INFO: [IP_Flow 19-2313] Loaded Vivado IP repository 'D:/Vivado/Vivado/2020.1/data/ip'.
open_project: Time (s): cpu = 00:00:11 ; elapsed = 00:00:05 . Memory (MB): peak = 1013.695 ; gain = 0.000
update_compile_order -fileset sources_1
exit
INFO: [Common 17-206] Exiting Vivado at Wed Nov 17 21:04:46 2021...
