#-----------------------------------------------------------
# Vivado v2020.1 (64-bit)
# SW Build 2902540 on Wed May 27 19:54:49 MDT 2020
# IP Build 2902112 on Wed May 27 22:43:36 MDT 2020
# Start of session at: Fri Dec  3 20:50:27 2021
# Process ID: 23588
# Current directory: D:/1USTC/1数电实验/实验5/lab05/lab05-1
# Command line: vivado.exe -gui_launcher_event rodinguilauncherevent30884 D:\1USTC\1数电实验\实验5\lab05\lab05-1\lab05-1.xpr
# Log file: D:/1USTC/1数电实验/实验5/lab05/lab05-1/vivado.log
# Journal file: D:/1USTC/1数电实验/实验5/lab05/lab05-1\vivado.jou
#-----------------------------------------------------------
start_gui
open_project D:/1USTC/1数电实验/实验5/lab05/lab05-1/lab05-1.xpr
INFO: [Project 1-313] Project file moved from 'C:/Users/Tanjf/Desktop/lab05/lab05-1' since last save.
Scanning sources...
Finished scanning sources
WARNING: [filemgmt 56-2] Default IP Output Path : Could not find the directory 'D:/1USTC/1数电实验/实验5/lab05/lab05-1/lab05-1.srcs/sources_1', nor could it be found using path 'C:/Users/Tanjf/Desktop/lab05/lab05-1/lab05-1.srcs/sources_1'.
INFO: [IP_Flow 19-234] Refreshing IP repositories
INFO: [IP_Flow 19-1704] No user IP repositories specified
INFO: [IP_Flow 19-2313] Loaded Vivado IP repository 'D:/Vivado/Vivado/2020.1/data/ip'.
exit
INFO: [Common 17-206] Exiting Vivado at Fri Dec  3 20:51:14 2021...
