#-----------------------------------------------------------
# Vivado v2020.1 (64-bit)
# SW Build 2902540 on Wed May 27 19:54:49 MDT 2020
# IP Build 2902112 on Wed May 27 22:43:36 MDT 2020
# Start of session at: Fri Dec  3 21:22:46 2021
# Process ID: 33164
# Current directory: D:/1USTC/1数电实验/实验5/exp5
# Command line: vivado.exe -gui_launcher_event rodinguilauncherevent20328 D:\1USTC\1数电实验\实验5\exp5\exp5.xpr
# Log file: D:/1USTC/1数电实验/实验5/exp5/vivado.log
# Journal file: D:/1USTC/1数电实验/实验5/exp5\vivado.jou
#-----------------------------------------------------------
start_gui
open_project D:/1USTC/1数电实验/实验5/exp5/exp5.xpr
INFO: [Project 1-313] Project file moved from 'C:/Users/Tanjf/Desktop/exp5' since last save.
Scanning sources...
Finished scanning sources
INFO: [IP_Flow 19-234] Refreshing IP repositories
INFO: [IP_Flow 19-1704] No user IP repositories specified
INFO: [IP_Flow 19-2313] Loaded Vivado IP repository 'D:/Vivado/Vivado/2020.1/data/ip'.
update_compile_order -fileset sources_1
exit
INFO: [Common 17-206] Exiting Vivado at Fri Dec  3 21:25:30 2021...
