#-----------------------------------------------------------
# Vivado v2020.1 (64-bit)
# SW Build 2902540 on Wed May 27 19:54:49 MDT 2020
# IP Build 2902112 on Wed May 27 22:43:36 MDT 2020
# Start of session at: Sun Nov 21 12:40:22 2021
# Process ID: 24880
# Current directory: C:/Users/Tanjf/Desktop/exp5
# Command line: vivado.exe -gui_launcher_event rodinguilauncherevent26824 C:\Users\Tanjf\Desktop\exp5\exp5.xpr
# Log file: C:/Users/Tanjf/Desktop/exp5/vivado.log
# Journal file: C:/Users/Tanjf/Desktop/exp5\vivado.jou
#-----------------------------------------------------------
start_gui
open_project C:/Users/Tanjf/Desktop/exp5/exp5.xpr
Scanning sources...
Finished scanning sources
INFO: [IP_Flow 19-234] Refreshing IP repositories
INFO: [IP_Flow 19-1704] No user IP repositories specified
INFO: [IP_Flow 19-2313] Loaded Vivado IP repository 'D:/Vivado/Vivado/2020.1/data/ip'.
update_compile_order -fileset sources_1
exit
INFO: [Common 17-206] Exiting Vivado at Sun Nov 21 12:41:59 2021...
