#-----------------------------------------------------------
# Vivado v2020.1 (64-bit)
# SW Build 2902540 on Wed May 27 19:54:49 MDT 2020
# IP Build 2902112 on Wed May 27 22:43:36 MDT 2020
# Start of session at: Sun Nov 28 15:46:16 2021
# Process ID: 13268
# Current directory: C:/Users/Tanjf/Desktop/lab06/lab06-3.1
# Command line: vivado.exe -gui_launcher_event rodinguilauncherevent29200 C:\Users\Tanjf\Desktop\lab06\lab06-3.1\lab06-3.xpr
# Log file: C:/Users/Tanjf/Desktop/lab06/lab06-3.1/vivado.log
# Journal file: C:/Users/Tanjf/Desktop/lab06/lab06-3.1\vivado.jou
#-----------------------------------------------------------
start_gui
open_project C:/Users/Tanjf/Desktop/lab06/lab06-3.1/lab06-3.xpr
INFO: [Project 1-313] Project file moved from 'D:/1USTC/1数电实验/实验6/lab06/lab06-3.1' since last save.
Scanning sources...
Finished scanning sources
INFO: [IP_Flow 19-234] Refreshing IP repositories
INFO: [IP_Flow 19-1704] No user IP repositories specified
INFO: [IP_Flow 19-2313] Loaded Vivado IP repository 'D:/Vivado/Vivado/2020.1/data/ip'.
open_project: Time (s): cpu = 00:00:14 ; elapsed = 00:00:05 . Memory (MB): peak = 1013.000 ; gain = 0.000
update_compile_order -fileset sources_1
reset_run synth_1
launch_runs impl_1 -to_step write_bitstream -jobs 4
[Sun Nov 28 15:50:01 2021] Launched synth_1...
Run output will be captured here: C:/Users/Tanjf/Desktop/lab06/lab06-3.1/lab06-3.runs/synth_1/runme.log
[Sun Nov 28 15:50:01 2021] Launched impl_1...
Run output will be captured here: C:/Users/Tanjf/Desktop/lab06/lab06-3.1/lab06-3.runs/impl_1/runme.log
reset_run impl_1 -prev_step 
launch_runs impl_1 -to_step write_bitstream -jobs 4
WARNING: [Vivado 12-872] Run step 'Design Initialization' is out-of-date.
[Sun Nov 28 15:53:30 2021] Launched impl_1...
Run output will be captured here: C:/Users/Tanjf/Desktop/lab06/lab06-3.1/lab06-3.runs/impl_1/runme.log
reset_run synth_1
launch_runs impl_1 -to_step write_bitstream -jobs 4
[Sun Nov 28 16:03:27 2021] Launched synth_1...
Run output will be captured here: C:/Users/Tanjf/Desktop/lab06/lab06-3.1/lab06-3.runs/synth_1/runme.log
[Sun Nov 28 16:03:27 2021] Launched impl_1...
Run output will be captured here: C:/Users/Tanjf/Desktop/lab06/lab06-3.1/lab06-3.runs/impl_1/runme.log
exit
INFO: [Common 17-206] Exiting Vivado at Sun Nov 28 16:18:56 2021...
