#-----------------------------------------------------------
# Vivado v2020.1 (64-bit)
# SW Build 2902540 on Wed May 27 19:54:49 MDT 2020
# IP Build 2902112 on Wed May 27 22:43:36 MDT 2020
# Start of session at: Sat Dec  4 11:26:06 2021
# Process ID: 30864
# Current directory: D:/1USTC/1数电实验/实验6/lab06/lab06-3.1
# Command line: vivado.exe -gui_launcher_event rodinguilauncherevent36896 D:\1USTC\1数电实验\实验6\lab06\lab06-3.1\lab06-3.xpr
# Log file: D:/1USTC/1数电实验/实验6/lab06/lab06-3.1/vivado.log
# Journal file: D:/1USTC/1数电实验/实验6/lab06/lab06-3.1\vivado.jou
#-----------------------------------------------------------
start_gui
open_project D:/1USTC/1数电实验/实验6/lab06/lab06-3.1/lab06-3.xpr
INFO: [Project 1-313] Project file moved from 'C:/Users/Tanjf/Desktop/lab06/lab06-3.1' since last save.
Scanning sources...
Finished scanning sources
INFO: [IP_Flow 19-234] Refreshing IP repositories
INFO: [IP_Flow 19-1704] No user IP repositories specified
INFO: [IP_Flow 19-2313] Loaded Vivado IP repository 'D:/Vivado/Vivado/2020.1/data/ip'.
update_compile_order -fileset sources_1
exit
INFO: [Common 17-206] Exiting Vivado at Sat Dec  4 11:31:52 2021...
